Checking whether the ASM_MASM compiler is GNU using "--version" did not match "(GNU assembler)|(GCC)|(Free Software Foundation)":
Microsoft (R) Macro Assembler (x64) Version 14.34.31937.0
Copyright (C) Microsoft Corporation.  All rights reserved.

MASM : warning A4018:invalid command-line option : --version
MASM : fatal error A1017:missing source filename
Checking whether the ASM_MASM compiler is Clang using "--version" did not match "(clang version)":
Microsoft (R) Macro Assembler (x64) Version 14.34.31937.0
Copyright (C) Microsoft Corporation.  All rights reserved.

MASM : warning A4018:invalid command-line option : --version
MASM : fatal error A1017:missing source filename
Checking whether the ASM_MASM compiler is AppleClang using "--version" did not match "(Apple LLVM version)":
Microsoft (R) Macro Assembler (x64) Version 14.34.31937.0
Copyright (C) Microsoft Corporation.  All rights reserved.

MASM : warning A4018:invalid command-line option : --version
MASM : fatal error A1017:missing source filename
Checking whether the ASM_MASM compiler is ARMClang using "--version" did not match "armclang":
Microsoft (R) Macro Assembler (x64) Version 14.34.31937.0
Copyright (C) Microsoft Corporation.  All rights reserved.

MASM : warning A4018:invalid command-line option : --version
MASM : fatal error A1017:missing source filename
Checking whether the ASM_MASM compiler is HP using "-V" did not match "HP C":
Microsoft (R) Macro Assembler (x64) Version 14.34.31937.0
Copyright (C) Microsoft Corporation.  All rights reserved.

MASM : warning A4018:invalid command-line option : -V
MASM : fatal error A1017:missing source filename
Checking whether the ASM_MASM compiler is Intel using "--version" did not match "(ICC)":
Microsoft (R) Macro Assembler (x64) Version 14.34.31937.0
Copyright (C) Microsoft Corporation.  All rights reserved.

MASM : warning A4018:invalid command-line option : --version
MASM : fatal error A1017:missing source filename
Checking whether the ASM_MASM compiler is IntelLLVM using "--version" did not match "(Intel[^
]+oneAPI)":
Microsoft (R) Macro Assembler (x64) Version 14.34.31937.0
Copyright (C) Microsoft Corporation.  All rights reserved.

MASM : warning A4018:invalid command-line option : --version
MASM : fatal error A1017:missing source filename
Checking whether the ASM_MASM compiler is SunPro using "-V" did not match "Sun C":
Microsoft (R) Macro Assembler (x64) Version 14.34.31937.0
Copyright (C) Microsoft Corporation.  All rights reserved.

MASM : warning A4018:invalid command-line option : -V
MASM : fatal error A1017:missing source filename
Checking whether the ASM_MASM compiler is XL using "-qversion" did not match "XL C":
Microsoft (R) Macro Assembler (x64) Version 14.34.31937.0
Copyright (C) Microsoft Corporation.  All rights reserved.

MASM : warning A4018:invalid command-line option : -qversion
MASM : fatal error A1017:missing source filename
Performing C++ SOURCE FILE Test CMAKE_HAVE_LIBC_PTHREAD failed with the following output:
Change Dir: D:/YimMenu/CMakeFiles/CMakeScratch/TryCompile-4f7rs2

Run Build Command(s):C:/Program Files/Microsoft Visual Studio/2022/Community/MSBuild/Current/Bin/amd64/MSBuild.exe cmTC_11dfe.vcxproj /p:Configuration=Debug /p:Platform=x64 /p:VisualStudioVersion=17.0 /v:m && MSBuild version 17.4.1+9a89d02ff for .NET Framework
  Microsoft (R) C/C++ Optimizing Compiler Versão 19.34.31937 para x64
  Copyright (C) Microsoft Corporation. Todos os direitos reservados.
  cl /c /Zi /W1 /WX- /diagnostics:column /Od /Ob0 /D _MBCS /D WIN32 /D _WINDOWS /D CMAKE_HAVE_LIBC_PTHREAD /D "CMAKE_INTDIR=\"Debug\"" /Gm- /EHsc /RTC1 /MDd /GS /fp:precise /Zc:wchar_t /Zc:forScope /Zc:inline /Fo"cmTC_11dfe.dir\Debug\\" /Fd"cmTC_11dfe.dir\Debug\vc143.pdb" /external:W1 /Gd /TP /errorReport:queue "D:\YimMenu\CMakeFiles\CMakeScratch\TryCompile-4f7rs2\src.cxx"
  src.cxx
D:\YimMenu\CMakeFiles\CMakeScratch\TryCompile-4f7rs2\src.cxx(1,10): fatal  error C1083: Não é possível abrir arquivo incluir: 'pthread.h': No such file or directory [D:\YimMenu\CMakeFiles\CMakeScratch\TryCompile-4f7rs2\cmTC_11dfe.vcxproj]


Source file was:
#include <pthread.h>

static void* test_func(void* data)
{
  return data;
}

int main(void)
{
  pthread_t thread;
  pthread_create(&thread, NULL, test_func, NULL);
  pthread_detach(thread);
  pthread_cancel(thread);
  pthread_join(thread, NULL);
  pthread_atfork(NULL, NULL, NULL);
  pthread_exit(NULL);

  return 0;
}


Determining if the function pthread_create exists in the pthreads failed with the following output:
Change Dir: D:/YimMenu/CMakeFiles/CMakeScratch/TryCompile-jltv4f

Run Build Command(s):C:/Program Files/Microsoft Visual Studio/2022/Community/MSBuild/Current/Bin/amd64/MSBuild.exe cmTC_5e4f5.vcxproj /p:Configuration=Debug /p:Platform=x64 /p:VisualStudioVersion=17.0 /v:m && MSBuild version 17.4.1+9a89d02ff for .NET Framework
  Microsoft (R) C/C++ Optimizing Compiler Versão 19.34.31937 para x64
  Copyright (C) Microsoft Corporation. Todos os direitos reservados.
  cl /c /Zi /W1 /WX- /diagnostics:column /Od /Ob0 /D _MBCS /D WIN32 /D _WINDOWS /D CHECK_FUNCTION_EXISTS=pthread_create /D "CMAKE_INTDIR=\"Debug\"" /Gm- /EHsc /RTC1 /MDd /GS /fp:precise /Zc:wchar_t /Zc:forScope /Zc:inline /Fo"cmTC_5e4f5.dir\Debug\\" /Fd"cmTC_5e4f5.dir\Debug\vc143.pdb" /external:W1 /Gd /TP /errorReport:queue "D:\YimMenu\CMakeFiles\CMakeScratch\TryCompile-jltv4f\CheckFunctionExists.cxx"
  CheckFunctionExists.cxx
LINK : fatal error LNK1104: não é possível abrir o arquivo 'pthreads.lib' [D:\YimMenu\CMakeFiles\CMakeScratch\TryCompile-jltv4f\cmTC_5e4f5.vcxproj]



Determining if the function pthread_create exists in the pthread failed with the following output:
Change Dir: D:/YimMenu/CMakeFiles/CMakeScratch/TryCompile-r5uhpl

Run Build Command(s):C:/Program Files/Microsoft Visual Studio/2022/Community/MSBuild/Current/Bin/amd64/MSBuild.exe cmTC_97d2e.vcxproj /p:Configuration=Debug /p:Platform=x64 /p:VisualStudioVersion=17.0 /v:m && MSBuild version 17.4.1+9a89d02ff for .NET Framework
  Microsoft (R) C/C++ Optimizing Compiler Versão 19.34.31937 para x64
  Copyright (C) Microsoft Corporation. Todos os direitos reservados.
  cl /c /Zi /W1 /WX- /diagnostics:column /Od /Ob0 /D _MBCS /D WIN32 /D _WINDOWS /D CHECK_FUNCTION_EXISTS=pthread_create /D "CMAKE_INTDIR=\"Debug\"" /Gm- /EHsc /RTC1 /MDd /GS /fp:precise /Zc:wchar_t /Zc:forScope /Zc:inline /Fo"cmTC_97d2e.dir\Debug\\" /Fd"cmTC_97d2e.dir\Debug\vc143.pdb" /external:W1 /Gd /TP /errorReport:queue "D:\YimMenu\CMakeFiles\CMakeScratch\TryCompile-r5uhpl\CheckFunctionExists.cxx"
  CheckFunctionExists.cxx
LINK : fatal error LNK1104: não é possível abrir o arquivo 'pthread.lib' [D:\YimMenu\CMakeFiles\CMakeScratch\TryCompile-r5uhpl\cmTC_97d2e.vcxproj]



Performing C++ SOURCE FILE Test ADDRESS_SANITIZER_AVAILABLE failed with the following compile output:
Change Dir: D:/YimMenu/CMakeFiles/CMakeScratch/TryCompile-c2ht5c

Run Build Command(s):C:/Program Files/Microsoft Visual Studio/2022/Community/MSBuild/Current/Bin/amd64/MSBuild.exe cmTC_f1f48.vcxproj /p:Configuration=Debug /p:Platform=x64 /p:VisualStudioVersion=17.0 /v:m && MSBuild version 17.4.1+9a89d02ff for .NET Framework
  Microsoft (R) C/C++ Optimizing Compiler Versão 19.34.31937 para x64
  Copyright (C) Microsoft Corporation. Todos os direitos reservados.
  cl /c /Zi /W1 /WX- /diagnostics:column /fsanitize=address /Od /Ob0 /D _MBCS /D WIN32 /D _WINDOWS /D ADDRESS_SANITIZER_AVAILABLE /D "CMAKE_INTDIR=\"Debug\"" /Gm- /EHsc /RTC1 /MDd /GS /fp:precise /Zc:wchar_t /Zc:forScope /Zc:inline /std:c++17 /Fo"cmTC_f1f48.dir\Debug\\" /Fd"cmTC_f1f48.dir\Debug\vc143.pdb" /external:W1 /Gd /TP /errorReport:queue  -fsanitize=address "D:\YimMenu\CMakeFiles\CMakeScratch\TryCompile-c2ht5c\src.cxx"
  src.cxx
  cmTC_f1f48.vcxproj -> D:\YimMenu\CMakeFiles\CMakeScratch\TryCompile-c2ht5c\Debug\cmTC_f1f48.exe


...and run output:
Exit code 0xc0000135

Return value: FAILED_TO_RUN
Source file was:
int main() { return 0; }

Performing C++ SOURCE FILE Test LEAK_SANITIZER_AVAILABLE failed with the following output:
Change Dir: D:/YimMenu/CMakeFiles/CMakeScratch/TryCompile-7rwjbm

Run Build Command(s):C:/Program Files/Microsoft Visual Studio/2022/Community/MSBuild/Current/Bin/amd64/MSBuild.exe cmTC_7a1fa.vcxproj /p:Configuration=Debug /p:Platform=x64 /p:VisualStudioVersion=17.0 /v:m && MSBuild version 17.4.1+9a89d02ff for .NET Framework
  Microsoft (R) C/C++ Optimizing Compiler Versão 19.34.31937 para x64
  Copyright (C) Microsoft Corporation. Todos os direitos reservados.
  cl /c /Zi /W1 /WX- /diagnostics:column /Od /Ob0 /D _MBCS /D WIN32 /D _WINDOWS /D LEAK_SANITIZER_AVAILABLE /D "CMAKE_INTDIR=\"Debug\"" /Gm- /EHsc /RTC1 /MDd /GS /fp:precise /Zc:wchar_t /Zc:forScope /Zc:inline /Fo"cmTC_7a1fa.dir\Debug\\" /Fd"cmTC_7a1fa.dir\Debug\vc143.pdb" /external:W1 /Gd /TP /errorReport:queue  -fsanitize=leak "D:\YimMenu\CMakeFiles\CMakeScratch\TryCompile-7rwjbm\src.cxx"
cl : linha de comando  warning D9002: ignorando opção desconhecida '-fsanitize=leak' [D:\YimMenu\CMakeFiles\CMakeScratch\TryCompile-7rwjbm\cmTC_7a1fa.vcxproj]
  src.cxx
  cmTC_7a1fa.vcxproj -> D:\YimMenu\CMakeFiles\CMakeScratch\TryCompile-7rwjbm\Debug\cmTC_7a1fa.exe


Source file was:
int main() { return 0; }

Performing C++ SOURCE FILE Test UNDEFINED_BEHAVIOUR_SANITIZER_AVAILABLE failed with the following output:
Change Dir: D:/YimMenu/CMakeFiles/CMakeScratch/TryCompile-jnksfy

Run Build Command(s):C:/Program Files/Microsoft Visual Studio/2022/Community/MSBuild/Current/Bin/amd64/MSBuild.exe cmTC_2120b.vcxproj /p:Configuration=Debug /p:Platform=x64 /p:VisualStudioVersion=17.0 /v:m && MSBuild version 17.4.1+9a89d02ff for .NET Framework
  Microsoft (R) C/C++ Optimizing Compiler Versão 19.34.31937 para x64
  Copyright (C) Microsoft Corporation. Todos os direitos reservados.
  cl /c /Zi /W1 /WX- /diagnostics:column /Od /Ob0 /D _MBCS /D WIN32 /D _WINDOWS /D UNDEFINED_BEHAVIOUR_SANITIZER_AVAILABLE /D "CMAKE_INTDIR=\"Debug\"" /Gm- /EHsc /RTC1 /MDd /GS /fp:precise /Zc:wchar_t /Zc:forScope /Zc:inline /Fo"cmTC_2120b.dir\Debug\\" /Fd"cmTC_2120b.dir\Debug\vc143.pdb" /external:W1 /Gd /TP /errorReport:queue  -fsanitize=undefined "D:\YimMenu\CMakeFiles\CMakeScratch\TryCompile-jnksfy\src.cxx"
cl : linha de comando  warning D9002: ignorando opção desconhecida '-fsanitize=undefined' [D:\YimMenu\CMakeFiles\CMakeScratch\TryCompile-jnksfy\cmTC_2120b.vcxproj]
  src.cxx
  cmTC_2120b.vcxproj -> D:\YimMenu\CMakeFiles\CMakeScratch\TryCompile-jnksfy\Debug\cmTC_2120b.exe


Source file was:
int main() { return 0; }

Determining if the include file sys/sdt.h exists failed with the following output:
Change Dir: D:/YimMenu/CMakeFiles/CMakeScratch/TryCompile-xq9wyx

Run Build Command(s):C:/Program Files/Microsoft Visual Studio/2022/Community/MSBuild/Current/Bin/amd64/MSBuild.exe cmTC_8bef7.vcxproj /p:Configuration=Debug /p:Platform=x64 /p:VisualStudioVersion=17.0 /v:m && MSBuild version 17.4.1+9a89d02ff for .NET Framework
  Microsoft (R) C/C++ Optimizing Compiler Versão 19.34.31937 para x64
  Copyright (C) Microsoft Corporation. Todos os direitos reservados.
  cl /c /Zi /W3 /WX- /diagnostics:column /Od /Ob0 /D _MBCS /D WIN32 /D _WINDOWS /D "CMAKE_INTDIR=\"Debug\"" /Gm- /RTC1 /MDd /GS /fp:precise /Zc:wchar_t /Zc:forScope /Zc:inline /Fo"cmTC_8bef7.dir\Debug\\" /Fd"cmTC_8bef7.dir\Debug\vc143.pdb" /external:W3 /Gd /TC /errorReport:queue "D:\YimMenu\CMakeFiles\CMakeScratch\TryCompile-xq9wyx\CheckIncludeFile.c"
  CheckIncludeFile.c
D:\YimMenu\CMakeFiles\CMakeScratch\TryCompile-xq9wyx\CheckIncludeFile.c(1,10): fatal  error C1083: Não é possível abrir arquivo incluir: 'sys/sdt.h': No such file or directory [D:\YimMenu\CMakeFiles\CMakeScratch\TryCompile-xq9wyx\cmTC_8bef7.vcxproj]



Determining if the include file unistd.h exists failed with the following output:
Change Dir: D:/YimMenu/CMakeFiles/CMakeScratch/TryCompile-295o35

Run Build Command(s):C:/Program Files/Microsoft Visual Studio/2022/Community/MSBuild/Current/Bin/amd64/MSBuild.exe cmTC_2db79.vcxproj /p:Configuration=Debug /p:Platform=x64 /p:VisualStudioVersion=17.0 /v:m && MSBuild version 17.4.1+9a89d02ff for .NET Framework
  Microsoft (R) C/C++ Optimizing Compiler Versão 19.34.31937 para x64
  Copyright (C) Microsoft Corporation. Todos os direitos reservados.
  cl /c /Zi /W3 /WX- /diagnostics:column /Od /Ob0 /D _MBCS /D WIN32 /D _WINDOWS /D "CMAKE_INTDIR=\"Debug\"" /Gm- /RTC1 /MDd /GS /fp:precise /Zc:wchar_t /Zc:forScope /Zc:inline /Fo"cmTC_2db79.dir\Debug\\" /Fd"cmTC_2db79.dir\Debug\vc143.pdb" /external:W3 /Gd /TC /errorReport:queue "D:\YimMenu\CMakeFiles\CMakeScratch\TryCompile-295o35\CheckIncludeFile.c"
  CheckIncludeFile.c
D:\YimMenu\CMakeFiles\CMakeScratch\TryCompile-295o35\CheckIncludeFile.c(1,10): fatal  error C1083: Não é possível abrir arquivo incluir: 'unistd.h': No such file or directory [D:\YimMenu\CMakeFiles\CMakeScratch\TryCompile-295o35\cmTC_2db79.vcxproj]



Determining size of off64_t failed with the following output:
Change Dir: D:/YimMenu/CMakeFiles/CMakeScratch/TryCompile-ju0rcw

Run Build Command(s):C:/Program Files/Microsoft Visual Studio/2022/Community/MSBuild/Current/Bin/amd64/MSBuild.exe cmTC_7ddeb.vcxproj /p:Configuration=Debug /p:Platform=x64 /p:VisualStudioVersion=17.0 /v:m && MSBuild version 17.4.1+9a89d02ff for .NET Framework
  Microsoft (R) C/C++ Optimizing Compiler Versão 19.34.31937 para x64
  Copyright (C) Microsoft Corporation. Todos os direitos reservados.
  cl /c /Zi /W3 /WX- /diagnostics:column /Od /Ob0 /D _MBCS /D WIN32 /D _WINDOWS /D _LARGEFILE64_SOURCE=1 /D __USE_LARGEFILE64 /D "CMAKE_INTDIR=\"Debug\"" /Gm- /RTC1 /MDd /GS /fp:precise /Zc:wchar_t /Zc:forScope /Zc:inline /Fo"cmTC_7ddeb.dir\Debug\\" /Fd"cmTC_7ddeb.dir\Debug\vc143.pdb" /external:W3 /Gd /TC /errorReport:queue "D:\YimMenu\CMakeFiles\CMakeScratch\TryCompile-ju0rcw\OFF64_T.c"
  OFF64_T.c
D:\YimMenu\CMakeFiles\CMakeScratch\TryCompile-ju0rcw\OFF64_T.c(29,12): error C2065: 'off64_t': identificador não declarado [D:\YimMenu\CMakeFiles\CMakeScratch\TryCompile-ju0rcw\cmTC_7ddeb.vcxproj]
D:\YimMenu\CMakeFiles\CMakeScratch\TryCompile-ju0rcw\OFF64_T.c(30,12): error C2065: 'off64_t': identificador não declarado [D:\YimMenu\CMakeFiles\CMakeScratch\TryCompile-ju0rcw\cmTC_7ddeb.vcxproj]
D:\YimMenu\CMakeFiles\CMakeScratch\TryCompile-ju0rcw\OFF64_T.c(31,12): error C2065: 'off64_t': identificador não declarado [D:\YimMenu\CMakeFiles\CMakeScratch\TryCompile-ju0rcw\cmTC_7ddeb.vcxproj]
D:\YimMenu\CMakeFiles\CMakeScratch\TryCompile-ju0rcw\OFF64_T.c(32,12): error C2065: 'off64_t': identificador não declarado [D:\YimMenu\CMakeFiles\CMakeScratch\TryCompile-ju0rcw\cmTC_7ddeb.vcxproj]
D:\YimMenu\CMakeFiles\CMakeScratch\TryCompile-ju0rcw\OFF64_T.c(33,12): error C2065: 'off64_t': identificador não declarado [D:\YimMenu\CMakeFiles\CMakeScratch\TryCompile-ju0rcw\cmTC_7ddeb.vcxproj]


OFF64_T.c:
#include <sys/types.h>
#include <stdint.h>
#include <stddef.h>


#undef KEY
#if defined(__i386)
# define KEY '_','_','i','3','8','6'
#elif defined(__x86_64)
# define KEY '_','_','x','8','6','_','6','4'
#elif defined(__PPC64__)
# define KEY '_','_','P','P','C','6','4','_','_'
#elif defined(__ppc64__)
# define KEY '_','_','p','p','c','6','4','_','_'
#elif defined(__PPC__)
# define KEY '_','_','P','P','C','_','_'
#elif defined(__ppc__)
# define KEY '_','_','p','p','c','_','_'
#elif defined(__aarch64__)
# define KEY '_','_','a','a','r','c','h','6','4','_','_'
#elif defined(__ARM_ARCH_7A__)
# define KEY '_','_','A','R','M','_','A','R','C','H','_','7','A','_','_'
#elif defined(__ARM_ARCH_7S__)
# define KEY '_','_','A','R','M','_','A','R','C','H','_','7','S','_','_'
#endif

#define SIZE (sizeof(off64_t))
static char info_size[] =  {'I', 'N', 'F', 'O', ':', 's','i','z','e','[',
  ('0' + ((SIZE / 10000)%10)),
  ('0' + ((SIZE / 1000)%10)),
  ('0' + ((SIZE / 100)%10)),
  ('0' + ((SIZE / 10)%10)),
  ('0' +  (SIZE    % 10)),
  ']',
#ifdef KEY
  ' ','k','e','y','[', KEY, ']',
#endif
  '\0'};

#ifdef __CLASSIC_C__
int main(argc, argv) int argc; char *argv[];
#else
int main(int argc, char *argv[])
#endif
{
  int require = 0;
  require += info_size[argc];
  (void)argv;
  return require;
}


Determining size of _off64_t failed with the following output:
Change Dir: D:/YimMenu/CMakeFiles/CMakeScratch/TryCompile-kep23o

Run Build Command(s):C:/Program Files/Microsoft Visual Studio/2022/Community/MSBuild/Current/Bin/amd64/MSBuild.exe cmTC_ac052.vcxproj /p:Configuration=Debug /p:Platform=x64 /p:VisualStudioVersion=17.0 /v:m && MSBuild version 17.4.1+9a89d02ff for .NET Framework
  Microsoft (R) C/C++ Optimizing Compiler Versão 19.34.31937 para x64
  Copyright (C) Microsoft Corporation. Todos os direitos reservados.
  cl /c /Zi /W3 /WX- /diagnostics:column /Od /Ob0 /D _MBCS /D WIN32 /D _WINDOWS /D _LARGEFILE64_SOURCE=1 /D __USE_LARGEFILE64 /D "CMAKE_INTDIR=\"Debug\"" /Gm- /RTC1 /MDd /GS /fp:precise /Zc:wchar_t /Zc:forScope /Zc:inline /Fo"cmTC_ac052.dir\Debug\\" /Fd"cmTC_ac052.dir\Debug\vc143.pdb" /external:W3 /Gd /TC /errorReport:queue "D:\YimMenu\CMakeFiles\CMakeScratch\TryCompile-kep23o\_OFF64_T.c"
  _OFF64_T.c
D:\YimMenu\CMakeFiles\CMakeScratch\TryCompile-kep23o\_OFF64_T.c(29,12): error C2065: '_off64_t': identificador não declarado [D:\YimMenu\CMakeFiles\CMakeScratch\TryCompile-kep23o\cmTC_ac052.vcxproj]
D:\YimMenu\CMakeFiles\CMakeScratch\TryCompile-kep23o\_OFF64_T.c(30,12): error C2065: '_off64_t': identificador não declarado [D:\YimMenu\CMakeFiles\CMakeScratch\TryCompile-kep23o\cmTC_ac052.vcxproj]
D:\YimMenu\CMakeFiles\CMakeScratch\TryCompile-kep23o\_OFF64_T.c(31,12): error C2065: '_off64_t': identificador não declarado [D:\YimMenu\CMakeFiles\CMakeScratch\TryCompile-kep23o\cmTC_ac052.vcxproj]
D:\YimMenu\CMakeFiles\CMakeScratch\TryCompile-kep23o\_OFF64_T.c(32,12): error C2065: '_off64_t': identificador não declarado [D:\YimMenu\CMakeFiles\CMakeScratch\TryCompile-kep23o\cmTC_ac052.vcxproj]
D:\YimMenu\CMakeFiles\CMakeScratch\TryCompile-kep23o\_OFF64_T.c(33,12): error C2065: '_off64_t': identificador não declarado [D:\YimMenu\CMakeFiles\CMakeScratch\TryCompile-kep23o\cmTC_ac052.vcxproj]


_OFF64_T.c:
#include <sys/types.h>
#include <stdint.h>
#include <stddef.h>


#undef KEY
#if defined(__i386)
# define KEY '_','_','i','3','8','6'
#elif defined(__x86_64)
# define KEY '_','_','x','8','6','_','6','4'
#elif defined(__PPC64__)
# define KEY '_','_','P','P','C','6','4','_','_'
#elif defined(__ppc64__)
# define KEY '_','_','p','p','c','6','4','_','_'
#elif defined(__PPC__)
# define KEY '_','_','P','P','C','_','_'
#elif defined(__ppc__)
# define KEY '_','_','p','p','c','_','_'
#elif defined(__aarch64__)
# define KEY '_','_','a','a','r','c','h','6','4','_','_'
#elif defined(__ARM_ARCH_7A__)
# define KEY '_','_','A','R','M','_','A','R','C','H','_','7','A','_','_'
#elif defined(__ARM_ARCH_7S__)
# define KEY '_','_','A','R','M','_','A','R','C','H','_','7','S','_','_'
#endif

#define SIZE (sizeof(_off64_t))
static char info_size[] =  {'I', 'N', 'F', 'O', ':', 's','i','z','e','[',
  ('0' + ((SIZE / 10000)%10)),
  ('0' + ((SIZE / 1000)%10)),
  ('0' + ((SIZE / 100)%10)),
  ('0' + ((SIZE / 10)%10)),
  ('0' +  (SIZE    % 10)),
  ']',
#ifdef KEY
  ' ','k','e','y','[', KEY, ']',
#endif
  '\0'};

#ifdef __CLASSIC_C__
int main(argc, argv) int argc; char *argv[];
#else
int main(int argc, char *argv[])
#endif
{
  int require = 0;
  require += info_size[argc];
  (void)argv;
  return require;
}


Determining size of __off64_t failed with the following output:
Change Dir: D:/YimMenu/CMakeFiles/CMakeScratch/TryCompile-s6h85o

Run Build Command(s):C:/Program Files/Microsoft Visual Studio/2022/Community/MSBuild/Current/Bin/amd64/MSBuild.exe cmTC_b2b44.vcxproj /p:Configuration=Debug /p:Platform=x64 /p:VisualStudioVersion=17.0 /v:m && MSBuild version 17.4.1+9a89d02ff for .NET Framework
  Microsoft (R) C/C++ Optimizing Compiler Versão 19.34.31937 para x64
  Copyright (C) Microsoft Corporation. Todos os direitos reservados.
  cl /c /Zi /W3 /WX- /diagnostics:column /Od /Ob0 /D _MBCS /D WIN32 /D _WINDOWS /D _LARGEFILE64_SOURCE=1 /D __USE_LARGEFILE64 /D "CMAKE_INTDIR=\"Debug\"" /Gm- /RTC1 /MDd /GS /fp:precise /Zc:wchar_t /Zc:forScope /Zc:inline /Fo"cmTC_b2b44.dir\Debug\\" /Fd"cmTC_b2b44.dir\Debug\vc143.pdb" /external:W3 /Gd /TC /errorReport:queue "D:\YimMenu\CMakeFiles\CMakeScratch\TryCompile-s6h85o\__OFF64_T.c"
  __OFF64_T.c
D:\YimMenu\CMakeFiles\CMakeScratch\TryCompile-s6h85o\__OFF64_T.c(29,12): error C2065: '__off64_t': identificador não declarado [D:\YimMenu\CMakeFiles\CMakeScratch\TryCompile-s6h85o\cmTC_b2b44.vcxproj]
D:\YimMenu\CMakeFiles\CMakeScratch\TryCompile-s6h85o\__OFF64_T.c(30,12): error C2065: '__off64_t': identificador não declarado [D:\YimMenu\CMakeFiles\CMakeScratch\TryCompile-s6h85o\cmTC_b2b44.vcxproj]
D:\YimMenu\CMakeFiles\CMakeScratch\TryCompile-s6h85o\__OFF64_T.c(31,12): error C2065: '__off64_t': identificador não declarado [D:\YimMenu\CMakeFiles\CMakeScratch\TryCompile-s6h85o\cmTC_b2b44.vcxproj]
D:\YimMenu\CMakeFiles\CMakeScratch\TryCompile-s6h85o\__OFF64_T.c(32,12): error C2065: '__off64_t': identificador não declarado [D:\YimMenu\CMakeFiles\CMakeScratch\TryCompile-s6h85o\cmTC_b2b44.vcxproj]
D:\YimMenu\CMakeFiles\CMakeScratch\TryCompile-s6h85o\__OFF64_T.c(33,12): error C2065: '__off64_t': identificador não declarado [D:\YimMenu\CMakeFiles\CMakeScratch\TryCompile-s6h85o\cmTC_b2b44.vcxproj]


__OFF64_T.c:
#include <sys/types.h>
#include <stdint.h>
#include <stddef.h>


#undef KEY
#if defined(__i386)
# define KEY '_','_','i','3','8','6'
#elif defined(__x86_64)
# define KEY '_','_','x','8','6','_','6','4'
#elif defined(__PPC64__)
# define KEY '_','_','P','P','C','6','4','_','_'
#elif defined(__ppc64__)
# define KEY '_','_','p','p','c','6','4','_','_'
#elif defined(__PPC__)
# define KEY '_','_','P','P','C','_','_'
#elif defined(__ppc__)
# define KEY '_','_','p','p','c','_','_'
#elif defined(__aarch64__)
# define KEY '_','_','a','a','r','c','h','6','4','_','_'
#elif defined(__ARM_ARCH_7A__)
# define KEY '_','_','A','R','M','_','A','R','C','H','_','7','A','_','_'
#elif defined(__ARM_ARCH_7S__)
# define KEY '_','_','A','R','M','_','A','R','C','H','_','7','S','_','_'
#endif

#define SIZE (sizeof(__off64_t))
static char info_size[] =  {'I', 'N', 'F', 'O', ':', 's','i','z','e','[',
  ('0' + ((SIZE / 10000)%10)),
  ('0' + ((SIZE / 1000)%10)),
  ('0' + ((SIZE / 100)%10)),
  ('0' + ((SIZE / 10)%10)),
  ('0' +  (SIZE    % 10)),
  ']',
#ifdef KEY
  ' ','k','e','y','[', KEY, ']',
#endif
  '\0'};

#ifdef __CLASSIC_C__
int main(argc, argv) int argc; char *argv[];
#else
int main(int argc, char *argv[])
#endif
{
  int require = 0;
  require += info_size[argc];
  (void)argv;
  return require;
}


Determining if the function fseeko exists failed with the following output:
Change Dir: D:/YimMenu/CMakeFiles/CMakeScratch/TryCompile-38igwa

Run Build Command(s):C:/Program Files/Microsoft Visual Studio/2022/Community/MSBuild/Current/Bin/amd64/MSBuild.exe cmTC_fc552.vcxproj /p:Configuration=Debug /p:Platform=x64 /p:VisualStudioVersion=17.0 /v:m && MSBuild version 17.4.1+9a89d02ff for .NET Framework
  Microsoft (R) C/C++ Optimizing Compiler Versão 19.34.31937 para x64
  Copyright (C) Microsoft Corporation. Todos os direitos reservados.
  cl /c /Zi /W3 /WX- /diagnostics:column /Od /Ob0 /D _MBCS /D WIN32 /D _WINDOWS /D CHECK_FUNCTION_EXISTS=fseeko /D "CMAKE_INTDIR=\"Debug\"" /Gm- /RTC1 /MDd /GS /fp:precise /Zc:wchar_t /Zc:forScope /Zc:inline /Fo"cmTC_fc552.dir\Debug\\" /Fd"cmTC_fc552.dir\Debug\vc143.pdb" /external:W3 /Gd /TC /errorReport:queue "D:\YimMenu\CMakeFiles\CMakeScratch\TryCompile-38igwa\CheckFunctionExists.c"
  CheckFunctionExists.c
CheckFunctionExists.obj : error LNK2019: símbolo externo não resolvido, fseeko, referenciado na função main [D:\YimMenu\CMakeFiles\CMakeScratch\TryCompile-38igwa\cmTC_fc552.vcxproj]
D:\YimMenu\CMakeFiles\CMakeScratch\TryCompile-38igwa\Debug\cmTC_fc552.exe : fatal error LNK1120: 1 externo não resolvidos [D:\YimMenu\CMakeFiles\CMakeScratch\TryCompile-38igwa\cmTC_fc552.vcxproj]



Determining if the function posix_memalign exists failed with the following output:
Change Dir: D:/YimMenu/CMakeFiles/CMakeScratch/TryCompile-mmt53k

Run Build Command(s):C:/Program Files/Microsoft Visual Studio/2022/Community/MSBuild/Current/Bin/amd64/MSBuild.exe cmTC_33d76.vcxproj /p:Configuration=Debug /p:Platform=x64 /p:VisualStudioVersion=17.0 /v:m && MSBuild version 17.4.1+9a89d02ff for .NET Framework
  Microsoft (R) C/C++ Optimizing Compiler Versão 19.34.31937 para x64
  Copyright (C) Microsoft Corporation. Todos os direitos reservados.
  cl /c /Zi /W3 /WX- /diagnostics:column /Od /Ob0 /D _MBCS /D WIN32 /D _WINDOWS /D CHECK_FUNCTION_EXISTS=posix_memalign /D _POSIX_C_SOURCE=200112L /D "CMAKE_INTDIR=\"Debug\"" /Gm- /RTC1 /MDd /GS /fp:precise /Zc:wchar_t /Zc:forScope /Zc:inline /Fo"cmTC_33d76.dir\Debug\\" /Fd"cmTC_33d76.dir\Debug\vc143.pdb" /external:W3 /Gd /TC /errorReport:queue "D:\YimMenu\CMakeFiles\CMakeScratch\TryCompile-mmt53k\CheckFunctionExists.c"
  CheckFunctionExists.c
CheckFunctionExists.obj : error LNK2019: símbolo externo não resolvido, posix_memalign, referenciado na função main [D:\YimMenu\CMakeFiles\CMakeScratch\TryCompile-mmt53k\cmTC_33d76.vcxproj]
D:\YimMenu\CMakeFiles\CMakeScratch\TryCompile-mmt53k\Debug\cmTC_33d76.exe : fatal error LNK1120: 1 externo não resolvidos [D:\YimMenu\CMakeFiles\CMakeScratch\TryCompile-mmt53k\cmTC_33d76.vcxproj]



Performing C SOURCE FILE Test HAVE_NO_INTERPOSITION failed with the following output:
Change Dir: D:/YimMenu/CMakeFiles/CMakeScratch/TryCompile-ljwmmz

Run Build Command(s):C:/Program Files/Microsoft Visual Studio/2022/Community/MSBuild/Current/Bin/amd64/MSBuild.exe cmTC_9d76e.vcxproj /p:Configuration=Debug /p:Platform=x64 /p:VisualStudioVersion=17.0 /v:m && MSBuild version 17.4.1+9a89d02ff for .NET Framework
  Microsoft (R) C/C++ Optimizing Compiler Versão 19.34.31937 para x64
  Copyright (C) Microsoft Corporation. Todos os direitos reservados.
  cl /c /Zi /W3 /WX- /diagnostics:column /Od /Ob0 /D _MBCS /D WIN32 /D _WINDOWS /D HAVE_NO_INTERPOSITION /D "CMAKE_INTDIR=\"Debug\"" /Gm- /RTC1 /MDd /GS /fp:precise /Zc:wchar_t /Zc:forScope /Zc:inline /Fo"cmTC_9d76e.dir\Debug\\" /Fd"cmTC_9d76e.dir\Debug\vc143.pdb" /external:W3 /Gd /TC /errorReport:queue  -fno-semantic-interposition "D:\YimMenu\CMakeFiles\CMakeScratch\TryCompile-ljwmmz\src.c"
cl : linha de comando  warning D9002: ignorando opção desconhecida '-fno-semantic-interposition' [D:\YimMenu\CMakeFiles\CMakeScratch\TryCompile-ljwmmz\cmTC_9d76e.vcxproj]
  src.c
  cmTC_9d76e.vcxproj -> D:\YimMenu\CMakeFiles\CMakeScratch\TryCompile-ljwmmz\Debug\cmTC_9d76e.exe


Source file was:
int main(void) { return 0; }

Performing C SOURCE FILE Test HAVE_ATTRIBUTE_VISIBILITY_HIDDEN failed with the following output:
Change Dir: D:/YimMenu/CMakeFiles/CMakeScratch/TryCompile-o9mzsv

Run Build Command(s):C:/Program Files/Microsoft Visual Studio/2022/Community/MSBuild/Current/Bin/amd64/MSBuild.exe cmTC_30962.vcxproj /p:Configuration=Debug /p:Platform=x64 /p:VisualStudioVersion=17.0 /v:m && MSBuild version 17.4.1+9a89d02ff for .NET Framework
  Microsoft (R) C/C++ Optimizing Compiler Versão 19.34.31937 para x64
  Copyright (C) Microsoft Corporation. Todos os direitos reservados.
  cl /c /Zi /W3 /WX- /diagnostics:column /Od /Ob0 /D _MBCS /D WIN32 /D _WINDOWS /D HAVE_ATTRIBUTE_VISIBILITY_HIDDEN /D "CMAKE_INTDIR=\"Debug\"" /Gm- /RTC1 /MDd /GS /fp:precise /Zc:wchar_t /Zc:forScope /Zc:inline /Fo"cmTC_30962.dir\Debug\\" /Fd"cmTC_30962.dir\Debug\vc143.pdb" /external:W3 /Gd /TC /errorReport:queue "D:\YimMenu\CMakeFiles\CMakeScratch\TryCompile-o9mzsv\src.c"
  src.c
D:\YimMenu\CMakeFiles\CMakeScratch\TryCompile-o9mzsv\src.c(2,9): error C2143: erro de sintaxe: ')' ausente antes de '(' [D:\YimMenu\CMakeFiles\CMakeScratch\TryCompile-o9mzsv\cmTC_30962.vcxproj]
D:\YimMenu\CMakeFiles\CMakeScratch\TryCompile-o9mzsv\src.c(2,9): error C2091: função retorna função [D:\YimMenu\CMakeFiles\CMakeScratch\TryCompile-o9mzsv\cmTC_30962.vcxproj]
D:\YimMenu\CMakeFiles\CMakeScratch\TryCompile-o9mzsv\src.c(2,9): error C2143: erro de sintaxe: ')' ausente antes de 'cadeia de caracteres' [D:\YimMenu\CMakeFiles\CMakeScratch\TryCompile-o9mzsv\cmTC_30962.vcxproj]
D:\YimMenu\CMakeFiles\CMakeScratch\TryCompile-o9mzsv\src.c(2,9): error C2143: erro de sintaxe: '{' ausente antes de 'cadeia de caracteres' [D:\YimMenu\CMakeFiles\CMakeScratch\TryCompile-o9mzsv\cmTC_30962.vcxproj]
D:\YimMenu\CMakeFiles\CMakeScratch\TryCompile-o9mzsv\src.c(2,9): error C2059: erro de sintaxe: 'cadeia de caracteres' [D:\YimMenu\CMakeFiles\CMakeScratch\TryCompile-o9mzsv\cmTC_30962.vcxproj]
D:\YimMenu\CMakeFiles\CMakeScratch\TryCompile-o9mzsv\src.c(2,9): error C2059: erro de sintaxe: ')' [D:\YimMenu\CMakeFiles\CMakeScratch\TryCompile-o9mzsv\cmTC_30962.vcxproj]


Source file was:
#define Z_INTERNAL __attribute__((visibility ("hidden")))
    int Z_INTERNAL foo;
    int main() {
        return 0;
    }

Performing C SOURCE FILE Test HAVE_ATTRIBUTE_VISIBILITY_INTERNAL failed with the following output:
Change Dir: D:/YimMenu/CMakeFiles/CMakeScratch/TryCompile-o64ece

Run Build Command(s):C:/Program Files/Microsoft Visual Studio/2022/Community/MSBuild/Current/Bin/amd64/MSBuild.exe cmTC_9f4d8.vcxproj /p:Configuration=Debug /p:Platform=x64 /p:VisualStudioVersion=17.0 /v:m && MSBuild version 17.4.1+9a89d02ff for .NET Framework
  Microsoft (R) C/C++ Optimizing Compiler Versão 19.34.31937 para x64
  Copyright (C) Microsoft Corporation. Todos os direitos reservados.
  cl /c /Zi /W3 /WX- /diagnostics:column /Od /Ob0 /D _MBCS /D WIN32 /D _WINDOWS /D HAVE_ATTRIBUTE_VISIBILITY_INTERNAL /D "CMAKE_INTDIR=\"Debug\"" /Gm- /RTC1 /MDd /GS /fp:precise /Zc:wchar_t /Zc:forScope /Zc:inline /Fo"cmTC_9f4d8.dir\Debug\\" /Fd"cmTC_9f4d8.dir\Debug\vc143.pdb" /external:W3 /Gd /TC /errorReport:queue "D:\YimMenu\CMakeFiles\CMakeScratch\TryCompile-o64ece\src.c"
  src.c
D:\YimMenu\CMakeFiles\CMakeScratch\TryCompile-o64ece\src.c(2,9): error C2143: erro de sintaxe: ')' ausente antes de '(' [D:\YimMenu\CMakeFiles\CMakeScratch\TryCompile-o64ece\cmTC_9f4d8.vcxproj]
D:\YimMenu\CMakeFiles\CMakeScratch\TryCompile-o64ece\src.c(2,9): error C2091: função retorna função [D:\YimMenu\CMakeFiles\CMakeScratch\TryCompile-o64ece\cmTC_9f4d8.vcxproj]
D:\YimMenu\CMakeFiles\CMakeScratch\TryCompile-o64ece\src.c(2,9): error C2143: erro de sintaxe: ')' ausente antes de 'cadeia de caracteres' [D:\YimMenu\CMakeFiles\CMakeScratch\TryCompile-o64ece\cmTC_9f4d8.vcxproj]
D:\YimMenu\CMakeFiles\CMakeScratch\TryCompile-o64ece\src.c(2,9): error C2143: erro de sintaxe: '{' ausente antes de 'cadeia de caracteres' [D:\YimMenu\CMakeFiles\CMakeScratch\TryCompile-o64ece\cmTC_9f4d8.vcxproj]
D:\YimMenu\CMakeFiles\CMakeScratch\TryCompile-o64ece\src.c(2,9): error C2059: erro de sintaxe: 'cadeia de caracteres' [D:\YimMenu\CMakeFiles\CMakeScratch\TryCompile-o64ece\cmTC_9f4d8.vcxproj]
D:\YimMenu\CMakeFiles\CMakeScratch\TryCompile-o64ece\src.c(2,9): error C2059: erro de sintaxe: ')' [D:\YimMenu\CMakeFiles\CMakeScratch\TryCompile-o64ece\cmTC_9f4d8.vcxproj]


Source file was:
#define Z_INTERNAL __attribute__((visibility ("internal")))
    int Z_INTERNAL foo;
    int main() {
        return 0;
    }

Performing C SOURCE FILE Test HAVE_BUILTIN_CTZ failed with the following output:
Change Dir: D:/YimMenu/CMakeFiles/CMakeScratch/TryCompile-6k13zr

Run Build Command(s):C:/Program Files/Microsoft Visual Studio/2022/Community/MSBuild/Current/Bin/amd64/MSBuild.exe cmTC_54146.vcxproj /p:Configuration=Debug /p:Platform=x64 /p:VisualStudioVersion=17.0 /v:m && MSBuild version 17.4.1+9a89d02ff for .NET Framework
  Microsoft (R) C/C++ Optimizing Compiler Versão 19.34.31937 para x64
  Copyright (C) Microsoft Corporation. Todos os direitos reservados.
  cl /c /Zi /W3 /WX- /diagnostics:column /Od /Ob0 /D _MBCS /D WIN32 /D _WINDOWS /D HAVE_BUILTIN_CTZ /D "CMAKE_INTDIR=\"Debug\"" /Gm- /RTC1 /MDd /GS /fp:precise /Zc:wchar_t /Zc:forScope /Zc:inline /Fo"cmTC_54146.dir\Debug\\" /Fd"cmTC_54146.dir\Debug\vc143.pdb" /external:W3 /Gd /TC /errorReport:queue "D:\YimMenu\CMakeFiles\CMakeScratch\TryCompile-6k13zr\src.c"
  src.c
D:\YimMenu\CMakeFiles\CMakeScratch\TryCompile-6k13zr\src.c(3,21): warning C4013: '__builtin_ctz' indefinido; assumindo extern retornando int [D:\YimMenu\CMakeFiles\CMakeScratch\TryCompile-6k13zr\cmTC_54146.vcxproj]
src.obj : error LNK2019: símbolo externo não resolvido, __builtin_ctz, referenciado na função main [D:\YimMenu\CMakeFiles\CMakeScratch\TryCompile-6k13zr\cmTC_54146.vcxproj]
D:\YimMenu\CMakeFiles\CMakeScratch\TryCompile-6k13zr\Debug\cmTC_54146.exe : fatal error LNK1120: 1 externo não resolvidos [D:\YimMenu\CMakeFiles\CMakeScratch\TryCompile-6k13zr\cmTC_54146.vcxproj]


Source file was:
int main(void) {
        unsigned int zero = 0;
        long test = __builtin_ctz(zero);
        (void)test;
        return 0;
    }

Performing C SOURCE FILE Test HAVE_BUILTIN_CTZLL failed with the following output:
Change Dir: D:/YimMenu/CMakeFiles/CMakeScratch/TryCompile-4kc2sl

Run Build Command(s):C:/Program Files/Microsoft Visual Studio/2022/Community/MSBuild/Current/Bin/amd64/MSBuild.exe cmTC_b9958.vcxproj /p:Configuration=Debug /p:Platform=x64 /p:VisualStudioVersion=17.0 /v:m && MSBuild version 17.4.1+9a89d02ff for .NET Framework
  Microsoft (R) C/C++ Optimizing Compiler Versão 19.34.31937 para x64
  Copyright (C) Microsoft Corporation. Todos os direitos reservados.
  cl /c /Zi /W3 /WX- /diagnostics:column /Od /Ob0 /D _MBCS /D WIN32 /D _WINDOWS /D HAVE_BUILTIN_CTZLL /D "CMAKE_INTDIR=\"Debug\"" /Gm- /RTC1 /MDd /GS /fp:precise /Zc:wchar_t /Zc:forScope /Zc:inline /Fo"cmTC_b9958.dir\Debug\\" /Fd"cmTC_b9958.dir\Debug\vc143.pdb" /external:W3 /Gd /TC /errorReport:queue "D:\YimMenu\CMakeFiles\CMakeScratch\TryCompile-4kc2sl\src.c"
  src.c
D:\YimMenu\CMakeFiles\CMakeScratch\TryCompile-4kc2sl\src.c(3,21): warning C4013: '__builtin_ctzll' indefinido; assumindo extern retornando int [D:\YimMenu\CMakeFiles\CMakeScratch\TryCompile-4kc2sl\cmTC_b9958.vcxproj]
src.obj : error LNK2019: símbolo externo não resolvido, __builtin_ctzll, referenciado na função main [D:\YimMenu\CMakeFiles\CMakeScratch\TryCompile-4kc2sl\cmTC_b9958.vcxproj]
D:\YimMenu\CMakeFiles\CMakeScratch\TryCompile-4kc2sl\Debug\cmTC_b9958.exe : fatal error LNK1120: 1 externo não resolvidos [D:\YimMenu\CMakeFiles\CMakeScratch\TryCompile-4kc2sl\cmTC_b9958.vcxproj]


Source file was:
int main(void) {
        unsigned int zero = 0;
        long test = __builtin_ctzll(zero);
        (void)test;
        return 0;
    }

Performing C SOURCE FILE Test HAVE_SSE42CRC_INLINE_ASM failed with the following output:
Change Dir: D:/YimMenu/CMakeFiles/CMakeScratch/TryCompile-s5sqez

Run Build Command(s):C:/Program Files/Microsoft Visual Studio/2022/Community/MSBuild/Current/Bin/amd64/MSBuild.exe cmTC_1c5b7.vcxproj /p:Configuration=Debug /p:Platform=x64 /p:VisualStudioVersion=17.0 /v:m && MSBuild version 17.4.1+9a89d02ff for .NET Framework
  Microsoft (R) C/C++ Optimizing Compiler Versão 19.34.31937 para x64
  Copyright (C) Microsoft Corporation. Todos os direitos reservados.
  cl /c /Zi /W3 /WX- /diagnostics:column /Od /Ob0 /D _MBCS /D WIN32 /D _WINDOWS /D HAVE_SSE42CRC_INLINE_ASM /D "CMAKE_INTDIR=\"Debug\"" /Gm- /RTC1 /MDd /GS /fp:precise /Zc:wchar_t /Zc:forScope /Zc:inline /Fo"cmTC_1c5b7.dir\Debug\\" /Fd"cmTC_1c5b7.dir\Debug\vc143.pdb" /external:W3 /Gd /TC /errorReport:queue "D:\YimMenu\CMakeFiles\CMakeScratch\TryCompile-s5sqez\src.c"
  src.c
D:\YimMenu\CMakeFiles\CMakeScratch\TryCompile-s5sqez\src.c(4,15): error C4235: extensão não padrão usada: palavra-chave '__asm' sem suporte nesta arquitetura [D:\YimMenu\CMakeFiles\CMakeScratch\TryCompile-s5sqez\cmTC_1c5b7.vcxproj]
D:\YimMenu\CMakeFiles\CMakeScratch\TryCompile-s5sqez\src.c(4,25): error C2065: 'mov': identificador não declarado [D:\YimMenu\CMakeFiles\CMakeScratch\TryCompile-s5sqez\cmTC_1c5b7.vcxproj]
D:\YimMenu\CMakeFiles\CMakeScratch\TryCompile-s5sqez\src.c(4,25): error C2146: erro de sintaxe: ';' ausente antes do identificador 'edx' [D:\YimMenu\CMakeFiles\CMakeScratch\TryCompile-s5sqez\cmTC_1c5b7.vcxproj]
D:\YimMenu\CMakeFiles\CMakeScratch\TryCompile-s5sqez\src.c(4,28): error C2065: 'edx': identificador não declarado [D:\YimMenu\CMakeFiles\CMakeScratch\TryCompile-s5sqez\cmTC_1c5b7.vcxproj]
D:\YimMenu\CMakeFiles\CMakeScratch\TryCompile-s5sqez\src.c(4,32): error C4235: extensão não padrão usada: palavra-chave '__asm' sem suporte nesta arquitetura [D:\YimMenu\CMakeFiles\CMakeScratch\TryCompile-s5sqez\cmTC_1c5b7.vcxproj]
D:\YimMenu\CMakeFiles\CMakeScratch\TryCompile-s5sqez\src.c(4,38): error C2146: erro de sintaxe: ';' ausente antes do identificador 'mov' [D:\YimMenu\CMakeFiles\CMakeScratch\TryCompile-s5sqez\cmTC_1c5b7.vcxproj]
D:\YimMenu\CMakeFiles\CMakeScratch\TryCompile-s5sqez\src.c(4,42): error C2065: 'mov': identificador não declarado [D:\YimMenu\CMakeFiles\CMakeScratch\TryCompile-s5sqez\cmTC_1c5b7.vcxproj]
D:\YimMenu\CMakeFiles\CMakeScratch\TryCompile-s5sqez\src.c(4,42): error C2146: erro de sintaxe: ';' ausente antes do identificador 'eax' [D:\YimMenu\CMakeFiles\CMakeScratch\TryCompile-s5sqez\cmTC_1c5b7.vcxproj]
D:\YimMenu\CMakeFiles\CMakeScratch\TryCompile-s5sqez\src.c(4,45): error C2065: 'eax': identificador não declarado [D:\YimMenu\CMakeFiles\CMakeScratch\TryCompile-s5sqez\cmTC_1c5b7.vcxproj]
D:\YimMenu\CMakeFiles\CMakeScratch\TryCompile-s5sqez\src.c(4,51): error C4235: extensão não padrão usada: palavra-chave '__asm' sem suporte nesta arquitetura [D:\YimMenu\CMakeFiles\CMakeScratch\TryCompile-s5sqez\cmTC_1c5b7.vcxproj]
D:\YimMenu\CMakeFiles\CMakeScratch\TryCompile-s5sqez\src.c(4,57): error C2146: erro de sintaxe: ';' ausente antes do identificador 'crc32' [D:\YimMenu\CMakeFiles\CMakeScratch\TryCompile-s5sqez\cmTC_1c5b7.vcxproj]
D:\YimMenu\CMakeFiles\CMakeScratch\TryCompile-s5sqez\src.c(4,63): error C2065: 'crc32': identificador não declarado [D:\YimMenu\CMakeFiles\CMakeScratch\TryCompile-s5sqez\cmTC_1c5b7.vcxproj]
D:\YimMenu\CMakeFiles\CMakeScratch\TryCompile-s5sqez\src.c(4,63): error C2146: erro de sintaxe: ';' ausente antes do identificador 'eax' [D:\YimMenu\CMakeFiles\CMakeScratch\TryCompile-s5sqez\cmTC_1c5b7.vcxproj]
D:\YimMenu\CMakeFiles\CMakeScratch\TryCompile-s5sqez\src.c(4,66): error C2065: 'eax': identificador não declarado [D:\YimMenu\CMakeFiles\CMakeScratch\TryCompile-s5sqez\cmTC_1c5b7.vcxproj]
D:\YimMenu\CMakeFiles\CMakeScratch\TryCompile-s5sqez\src.c(4,72): error C4235: extensão não padrão usada: palavra-chave '__asm' sem suporte nesta arquitetura [D:\YimMenu\CMakeFiles\CMakeScratch\TryCompile-s5sqez\cmTC_1c5b7.vcxproj]
D:\YimMenu\CMakeFiles\CMakeScratch\TryCompile-s5sqez\src.c(4,78): error C2065: 'edx': identificador não declarado [D:\YimMenu\CMakeFiles\CMakeScratch\TryCompile-s5sqez\cmTC_1c5b7.vcxproj]
D:\YimMenu\CMakeFiles\CMakeScratch\TryCompile-s5sqez\src.c(4,78): error C2146: erro de sintaxe: ';' ausente antes do identificador 'mov' [D:\YimMenu\CMakeFiles\CMakeScratch\TryCompile-s5sqez\cmTC_1c5b7.vcxproj]
D:\YimMenu\CMakeFiles\CMakeScratch\TryCompile-s5sqez\src.c(4,82): error C2065: 'mov': identificador não declarado [D:\YimMenu\CMakeFiles\CMakeScratch\TryCompile-s5sqez\cmTC_1c5b7.vcxproj]
D:\YimMenu\CMakeFiles\CMakeScratch\TryCompile-s5sqez\src.c(4,82): error C2146: erro de sintaxe: ';' ausente antes do identificador 'val' [D:\YimMenu\CMakeFiles\CMakeScratch\TryCompile-s5sqez\cmTC_1c5b7.vcxproj]
D:\YimMenu\CMakeFiles\CMakeScratch\TryCompile-s5sqez\src.c(4,91): error C2065: 'eax': identificador não declarado [D:\YimMenu\CMakeFiles\CMakeScratch\TryCompile-s5sqez\cmTC_1c5b7.vcxproj]
D:\YimMenu\CMakeFiles\CMakeScratch\TryCompile-s5sqez\src.c(4,91): error C2143: erro de sintaxe: ';' ausente antes de '}' [D:\YimMenu\CMakeFiles\CMakeScratch\TryCompile-s5sqez\cmTC_1c5b7.vcxproj]


Source file was:
int main(void) {
            unsigned val = 0, h = 0;
        #if defined(_MSC_VER)
            { __asm mov edx, h __asm mov eax, val __asm crc32 eax, edx __asm mov val, eax }
        #else
            __asm__ __volatile__ ( "crc32 %1,%0" : "+r" (h) : "r" (val) );
        #endif
            return (int)h;
        }

Determining if files windows.h;ws2tcpip.h;winsock2.h;wincrypt.h;stdio.h;sys/filio.h exist failed with the following output:
Change Dir: D:/YimMenu/CMakeFiles/CMakeScratch/TryCompile-8rtxrq

Run Build Command(s):C:/Program Files/Microsoft Visual Studio/2022/Community/MSBuild/Current/Bin/amd64/MSBuild.exe cmTC_ab2b9.vcxproj /p:Configuration=Debug /p:Platform=x64 /p:VisualStudioVersion=17.0 /v:m && MSBuild version 17.4.1+9a89d02ff for .NET Framework
  Microsoft (R) C/C++ Optimizing Compiler Versão 19.34.31937 para x64
  Copyright (C) Microsoft Corporation. Todos os direitos reservados.
  cl /c /Zi /W1 /WX- /diagnostics:column /Od /Ob0 /D _MBCS /D WIN32 /D _WINDOWS /D _WIN32_WINNT=0x0600 /D _WINSOCKAPI_= /D SECURITY_WIN32 /D "CMAKE_INTDIR=\"Debug\"" /Gm- /RTC1 /MDd /GS /fp:precise /Zc:wchar_t /Zc:forScope /Zc:inline /Fo"cmTC_ab2b9.dir\Debug\\" /Fd"cmTC_ab2b9.dir\Debug\vc143.pdb" /external:W1 /Gd /TC /errorReport:queue "D:\YimMenu\CMakeFiles\CMakeScratch\TryCompile-8rtxrq\HAVE_SYS_FILIO_H.c"
  HAVE_SYS_FILIO_H.c
D:\YimMenu\CMakeFiles\CMakeScratch\TryCompile-8rtxrq\HAVE_SYS_FILIO_H.c(7,10): fatal  error C1083: Não é possível abrir arquivo incluir: 'sys/filio.h': No such file or directory [D:\YimMenu\CMakeFiles\CMakeScratch\TryCompile-8rtxrq\cmTC_ab2b9.vcxproj]


Source:
/* */
#include <windows.h>
#include <ws2tcpip.h>
#include <winsock2.h>
#include <wincrypt.h>
#include <stdio.h>
#include <sys/filio.h>


int main(void){return 0;}

Determining if files windows.h;ws2tcpip.h;winsock2.h;wincrypt.h;stdio.h;sys/ioctl.h exist failed with the following output:
Change Dir: D:/YimMenu/CMakeFiles/CMakeScratch/TryCompile-y2iyc7

Run Build Command(s):C:/Program Files/Microsoft Visual Studio/2022/Community/MSBuild/Current/Bin/amd64/MSBuild.exe cmTC_38b8d.vcxproj /p:Configuration=Debug /p:Platform=x64 /p:VisualStudioVersion=17.0 /v:m && MSBuild version 17.4.1+9a89d02ff for .NET Framework
  Microsoft (R) C/C++ Optimizing Compiler Versão 19.34.31937 para x64
  Copyright (C) Microsoft Corporation. Todos os direitos reservados.
  cl /c /Zi /W1 /WX- /diagnostics:column /Od /Ob0 /D _MBCS /D WIN32 /D _WINDOWS /D _WIN32_WINNT=0x0600 /D _WINSOCKAPI_= /D SECURITY_WIN32 /D "CMAKE_INTDIR=\"Debug\"" /Gm- /RTC1 /MDd /GS /fp:precise /Zc:wchar_t /Zc:forScope /Zc:inline /Fo"cmTC_38b8d.dir\Debug\\" /Fd"cmTC_38b8d.dir\Debug\vc143.pdb" /external:W1 /Gd /TC /errorReport:queue "D:\YimMenu\CMakeFiles\CMakeScratch\TryCompile-y2iyc7\HAVE_SYS_IOCTL_H.c"
  HAVE_SYS_IOCTL_H.c
D:\YimMenu\CMakeFiles\CMakeScratch\TryCompile-y2iyc7\HAVE_SYS_IOCTL_H.c(7,10): fatal  error C1083: Não é possível abrir arquivo incluir: 'sys/ioctl.h': No such file or directory [D:\YimMenu\CMakeFiles\CMakeScratch\TryCompile-y2iyc7\cmTC_38b8d.vcxproj]


Source:
/* */
#include <windows.h>
#include <ws2tcpip.h>
#include <winsock2.h>
#include <wincrypt.h>
#include <stdio.h>
#include <sys/ioctl.h>


int main(void){return 0;}

Determining if files windows.h;ws2tcpip.h;winsock2.h;wincrypt.h;stdio.h;sys/resource.h exist failed with the following output:
Change Dir: D:/YimMenu/CMakeFiles/CMakeScratch/TryCompile-f99ebu

Run Build Command(s):C:/Program Files/Microsoft Visual Studio/2022/Community/MSBuild/Current/Bin/amd64/MSBuild.exe cmTC_8930a.vcxproj /p:Configuration=Debug /p:Platform=x64 /p:VisualStudioVersion=17.0 /v:m && MSBuild version 17.4.1+9a89d02ff for .NET Framework
  Microsoft (R) C/C++ Optimizing Compiler Versão 19.34.31937 para x64
  Copyright (C) Microsoft Corporation. Todos os direitos reservados.
  cl /c /Zi /W1 /WX- /diagnostics:column /Od /Ob0 /D _MBCS /D WIN32 /D _WINDOWS /D _WIN32_WINNT=0x0600 /D _WINSOCKAPI_= /D SECURITY_WIN32 /D "CMAKE_INTDIR=\"Debug\"" /Gm- /RTC1 /MDd /GS /fp:precise /Zc:wchar_t /Zc:forScope /Zc:inline /Fo"cmTC_8930a.dir\Debug\\" /Fd"cmTC_8930a.dir\Debug\vc143.pdb" /external:W1 /Gd /TC /errorReport:queue "D:\YimMenu\CMakeFiles\CMakeScratch\TryCompile-f99ebu\HAVE_SYS_RESOURCE_H.c"
  HAVE_SYS_RESOURCE_H.c
D:\YimMenu\CMakeFiles\CMakeScratch\TryCompile-f99ebu\HAVE_SYS_RESOURCE_H.c(7,10): fatal  error C1083: Não é possível abrir arquivo incluir: 'sys/resource.h': No such file or directory [D:\YimMenu\CMakeFiles\CMakeScratch\TryCompile-f99ebu\cmTC_8930a.vcxproj]


Source:
/* */
#include <windows.h>
#include <ws2tcpip.h>
#include <winsock2.h>
#include <wincrypt.h>
#include <stdio.h>
#include <sys/resource.h>


int main(void){return 0;}

Determining if files windows.h;ws2tcpip.h;winsock2.h;wincrypt.h;stdio.h;sys/stat.h;sys/types.h;sys/uio.h exist failed with the following output:
Change Dir: D:/YimMenu/CMakeFiles/CMakeScratch/TryCompile-18cft4

Run Build Command(s):C:/Program Files/Microsoft Visual Studio/2022/Community/MSBuild/Current/Bin/amd64/MSBuild.exe cmTC_dda3c.vcxproj /p:Configuration=Debug /p:Platform=x64 /p:VisualStudioVersion=17.0 /v:m && MSBuild version 17.4.1+9a89d02ff for .NET Framework
  Microsoft (R) C/C++ Optimizing Compiler Versão 19.34.31937 para x64
  Copyright (C) Microsoft Corporation. Todos os direitos reservados.
  cl /c /Zi /W1 /WX- /diagnostics:column /Od /Ob0 /D _MBCS /D WIN32 /D _WINDOWS /D _WIN32_WINNT=0x0600 /D _WINSOCKAPI_= /D SECURITY_WIN32 /D "CMAKE_INTDIR=\"Debug\"" /Gm- /RTC1 /MDd /GS /fp:precise /Zc:wchar_t /Zc:forScope /Zc:inline /Fo"cmTC_dda3c.dir\Debug\\" /Fd"cmTC_dda3c.dir\Debug\vc143.pdb" /external:W1 /Gd /TC /errorReport:queue "D:\YimMenu\CMakeFiles\CMakeScratch\TryCompile-18cft4\HAVE_SYS_UIO_H.c"
  HAVE_SYS_UIO_H.c
D:\YimMenu\CMakeFiles\CMakeScratch\TryCompile-18cft4\HAVE_SYS_UIO_H.c(9,10): fatal  error C1083: Não é possível abrir arquivo incluir: 'sys/uio.h': No such file or directory [D:\YimMenu\CMakeFiles\CMakeScratch\TryCompile-18cft4\cmTC_dda3c.vcxproj]


Source:
/* */
#include <windows.h>
#include <ws2tcpip.h>
#include <winsock2.h>
#include <wincrypt.h>
#include <stdio.h>
#include <sys/stat.h>
#include <sys/types.h>
#include <sys/uio.h>


int main(void){return 0;}

Determining if files windows.h;ws2tcpip.h;winsock2.h;wincrypt.h;stdio.h;sys/stat.h;sys/types.h;sys/un.h exist failed with the following output:
Change Dir: D:/YimMenu/CMakeFiles/CMakeScratch/TryCompile-rzs4ee

Run Build Command(s):C:/Program Files/Microsoft Visual Studio/2022/Community/MSBuild/Current/Bin/amd64/MSBuild.exe cmTC_44e22.vcxproj /p:Configuration=Debug /p:Platform=x64 /p:VisualStudioVersion=17.0 /v:m && MSBuild version 17.4.1+9a89d02ff for .NET Framework
  Microsoft (R) C/C++ Optimizing Compiler Versão 19.34.31937 para x64
  Copyright (C) Microsoft Corporation. Todos os direitos reservados.
  cl /c /Zi /W1 /WX- /diagnostics:column /Od /Ob0 /D _MBCS /D WIN32 /D _WINDOWS /D _WIN32_WINNT=0x0600 /D _WINSOCKAPI_= /D SECURITY_WIN32 /D "CMAKE_INTDIR=\"Debug\"" /Gm- /RTC1 /MDd /GS /fp:precise /Zc:wchar_t /Zc:forScope /Zc:inline /Fo"cmTC_44e22.dir\Debug\\" /Fd"cmTC_44e22.dir\Debug\vc143.pdb" /external:W1 /Gd /TC /errorReport:queue "D:\YimMenu\CMakeFiles\CMakeScratch\TryCompile-rzs4ee\HAVE_SYS_UN_H.c"
  HAVE_SYS_UN_H.c
D:\YimMenu\CMakeFiles\CMakeScratch\TryCompile-rzs4ee\HAVE_SYS_UN_H.c(9,10): fatal  error C1083: Não é possível abrir arquivo incluir: 'sys/un.h': No such file or directory [D:\YimMenu\CMakeFiles\CMakeScratch\TryCompile-rzs4ee\cmTC_44e22.vcxproj]


Source:
/* */
#include <windows.h>
#include <ws2tcpip.h>
#include <winsock2.h>
#include <wincrypt.h>
#include <stdio.h>
#include <sys/stat.h>
#include <sys/types.h>
#include <sys/un.h>


int main(void){return 0;}

Determining if files windows.h;ws2tcpip.h;winsock2.h;wincrypt.h;stdio.h;sys/stat.h;sys/types.h;sys/utime.h;sys/xattr.h exist failed with the following output:
Change Dir: D:/YimMenu/CMakeFiles/CMakeScratch/TryCompile-78jwl2

Run Build Command(s):C:/Program Files/Microsoft Visual Studio/2022/Community/MSBuild/Current/Bin/amd64/MSBuild.exe cmTC_72656.vcxproj /p:Configuration=Debug /p:Platform=x64 /p:VisualStudioVersion=17.0 /v:m && MSBuild version 17.4.1+9a89d02ff for .NET Framework
  Microsoft (R) C/C++ Optimizing Compiler Versão 19.34.31937 para x64
  Copyright (C) Microsoft Corporation. Todos os direitos reservados.
  cl /c /Zi /W1 /WX- /diagnostics:column /Od /Ob0 /D _MBCS /D WIN32 /D _WINDOWS /D _WIN32_WINNT=0x0600 /D _WINSOCKAPI_= /D SECURITY_WIN32 /D "CMAKE_INTDIR=\"Debug\"" /Gm- /RTC1 /MDd /GS /fp:precise /Zc:wchar_t /Zc:forScope /Zc:inline /Fo"cmTC_72656.dir\Debug\\" /Fd"cmTC_72656.dir\Debug\vc143.pdb" /external:W1 /Gd /TC /errorReport:queue "D:\YimMenu\CMakeFiles\CMakeScratch\TryCompile-78jwl2\HAVE_SYS_XATTR_H.c"
  HAVE_SYS_XATTR_H.c
D:\YimMenu\CMakeFiles\CMakeScratch\TryCompile-78jwl2\HAVE_SYS_XATTR_H.c(10,10): fatal  error C1083: Não é possível abrir arquivo incluir: 'sys/xattr.h': No such file or directory [D:\YimMenu\CMakeFiles\CMakeScratch\TryCompile-78jwl2\cmTC_72656.vcxproj]


Source:
/* */
#include <windows.h>
#include <ws2tcpip.h>
#include <winsock2.h>
#include <wincrypt.h>
#include <stdio.h>
#include <sys/stat.h>
#include <sys/types.h>
#include <sys/utime.h>
#include <sys/xattr.h>


int main(void){return 0;}

Determining if files windows.h;ws2tcpip.h;winsock2.h;wincrypt.h;stdio.h;sys/stat.h;sys/types.h;sys/utime.h;arpa/tftp.h exist failed with the following output:
Change Dir: D:/YimMenu/CMakeFiles/CMakeScratch/TryCompile-yacxxs

Run Build Command(s):C:/Program Files/Microsoft Visual Studio/2022/Community/MSBuild/Current/Bin/amd64/MSBuild.exe cmTC_a2ca7.vcxproj /p:Configuration=Debug /p:Platform=x64 /p:VisualStudioVersion=17.0 /v:m && MSBuild version 17.4.1+9a89d02ff for .NET Framework
  Microsoft (R) C/C++ Optimizing Compiler Versão 19.34.31937 para x64
  Copyright (C) Microsoft Corporation. Todos os direitos reservados.
  cl /c /Zi /W1 /WX- /diagnostics:column /Od /Ob0 /D _MBCS /D WIN32 /D _WINDOWS /D _WIN32_WINNT=0x0600 /D _WINSOCKAPI_= /D SECURITY_WIN32 /D "CMAKE_INTDIR=\"Debug\"" /Gm- /RTC1 /MDd /GS /fp:precise /Zc:wchar_t /Zc:forScope /Zc:inline /Fo"cmTC_a2ca7.dir\Debug\\" /Fd"cmTC_a2ca7.dir\Debug\vc143.pdb" /external:W1 /Gd /TC /errorReport:queue "D:\YimMenu\CMakeFiles\CMakeScratch\TryCompile-yacxxs\HAVE_ARPA_TFTP_H.c"
  HAVE_ARPA_TFTP_H.c
D:\YimMenu\CMakeFiles\CMakeScratch\TryCompile-yacxxs\HAVE_ARPA_TFTP_H.c(10,10): fatal  error C1083: Não é possível abrir arquivo incluir: 'arpa/tftp.h': No such file or directory [D:\YimMenu\CMakeFiles\CMakeScratch\TryCompile-yacxxs\cmTC_a2ca7.vcxproj]


Source:
/* */
#include <windows.h>
#include <ws2tcpip.h>
#include <winsock2.h>
#include <wincrypt.h>
#include <stdio.h>
#include <sys/stat.h>
#include <sys/types.h>
#include <sys/utime.h>
#include <arpa/tftp.h>


int main(void){return 0;}

Determining if files windows.h;ws2tcpip.h;winsock2.h;wincrypt.h;stdio.h;sys/stat.h;sys/types.h;sys/utime.h;assert.h;errno.h;fcntl.h;idn2.h exist failed with the following output:
Change Dir: D:/YimMenu/CMakeFiles/CMakeScratch/TryCompile-eu3uig

Run Build Command(s):C:/Program Files/Microsoft Visual Studio/2022/Community/MSBuild/Current/Bin/amd64/MSBuild.exe cmTC_532de.vcxproj /p:Configuration=Debug /p:Platform=x64 /p:VisualStudioVersion=17.0 /v:m && MSBuild version 17.4.1+9a89d02ff for .NET Framework
  Microsoft (R) C/C++ Optimizing Compiler Versão 19.34.31937 para x64
  Copyright (C) Microsoft Corporation. Todos os direitos reservados.
  cl /c /Zi /W1 /WX- /diagnostics:column /Od /Ob0 /D _MBCS /D WIN32 /D _WINDOWS /D _WIN32_WINNT=0x0600 /D _WINSOCKAPI_= /D SECURITY_WIN32 /D "CMAKE_INTDIR=\"Debug\"" /Gm- /RTC1 /MDd /GS /fp:precise /Zc:wchar_t /Zc:forScope /Zc:inline /Fo"cmTC_532de.dir\Debug\\" /Fd"cmTC_532de.dir\Debug\vc143.pdb" /external:W1 /Gd /TC /errorReport:queue "D:\YimMenu\CMakeFiles\CMakeScratch\TryCompile-eu3uig\HAVE_IDN2_H.c"
  HAVE_IDN2_H.c
D:\YimMenu\CMakeFiles\CMakeScratch\TryCompile-eu3uig\HAVE_IDN2_H.c(13,10): fatal  error C1083: Não é possível abrir arquivo incluir: 'idn2.h': No such file or directory [D:\YimMenu\CMakeFiles\CMakeScratch\TryCompile-eu3uig\cmTC_532de.vcxproj]


Source:
/* */
#include <windows.h>
#include <ws2tcpip.h>
#include <winsock2.h>
#include <wincrypt.h>
#include <stdio.h>
#include <sys/stat.h>
#include <sys/types.h>
#include <sys/utime.h>
#include <assert.h>
#include <errno.h>
#include <fcntl.h>
#include <idn2.h>


int main(void){return 0;}

Determining if files windows.h;ws2tcpip.h;winsock2.h;wincrypt.h;stdio.h;sys/stat.h;sys/types.h;sys/utime.h;assert.h;errno.h;fcntl.h;ifaddrs.h exist failed with the following output:
Change Dir: D:/YimMenu/CMakeFiles/CMakeScratch/TryCompile-bqdf95

Run Build Command(s):C:/Program Files/Microsoft Visual Studio/2022/Community/MSBuild/Current/Bin/amd64/MSBuild.exe cmTC_57d86.vcxproj /p:Configuration=Debug /p:Platform=x64 /p:VisualStudioVersion=17.0 /v:m && MSBuild version 17.4.1+9a89d02ff for .NET Framework
  Microsoft (R) C/C++ Optimizing Compiler Versão 19.34.31937 para x64
  Copyright (C) Microsoft Corporation. Todos os direitos reservados.
  cl /c /Zi /W1 /WX- /diagnostics:column /Od /Ob0 /D _MBCS /D WIN32 /D _WINDOWS /D _WIN32_WINNT=0x0600 /D _WINSOCKAPI_= /D SECURITY_WIN32 /D "CMAKE_INTDIR=\"Debug\"" /Gm- /RTC1 /MDd /GS /fp:precise /Zc:wchar_t /Zc:forScope /Zc:inline /Fo"cmTC_57d86.dir\Debug\\" /Fd"cmTC_57d86.dir\Debug\vc143.pdb" /external:W1 /Gd /TC /errorReport:queue "D:\YimMenu\CMakeFiles\CMakeScratch\TryCompile-bqdf95\HAVE_IFADDRS_H.c"
  HAVE_IFADDRS_H.c
D:\YimMenu\CMakeFiles\CMakeScratch\TryCompile-bqdf95\HAVE_IFADDRS_H.c(13,10): fatal  error C1083: Não é possível abrir arquivo incluir: 'ifaddrs.h': No such file or directory [D:\YimMenu\CMakeFiles\CMakeScratch\TryCompile-bqdf95\cmTC_57d86.vcxproj]


Source:
/* */
#include <windows.h>
#include <ws2tcpip.h>
#include <winsock2.h>
#include <wincrypt.h>
#include <stdio.h>
#include <sys/stat.h>
#include <sys/types.h>
#include <sys/utime.h>
#include <assert.h>
#include <errno.h>
#include <fcntl.h>
#include <ifaddrs.h>


int main(void){return 0;}

Determining if files windows.h;ws2tcpip.h;winsock2.h;wincrypt.h;stdio.h;sys/stat.h;sys/types.h;sys/utime.h;assert.h;errno.h;fcntl.h;io.h;krb.h exist failed with the following output:
Change Dir: D:/YimMenu/CMakeFiles/CMakeScratch/TryCompile-t972ta

Run Build Command(s):C:/Program Files/Microsoft Visual Studio/2022/Community/MSBuild/Current/Bin/amd64/MSBuild.exe cmTC_03cb6.vcxproj /p:Configuration=Debug /p:Platform=x64 /p:VisualStudioVersion=17.0 /v:m && MSBuild version 17.4.1+9a89d02ff for .NET Framework
  Microsoft (R) C/C++ Optimizing Compiler Versão 19.34.31937 para x64
  Copyright (C) Microsoft Corporation. Todos os direitos reservados.
  cl /c /Zi /W1 /WX- /diagnostics:column /Od /Ob0 /D _MBCS /D WIN32 /D _WINDOWS /D _WIN32_WINNT=0x0600 /D _WINSOCKAPI_= /D SECURITY_WIN32 /D "CMAKE_INTDIR=\"Debug\"" /Gm- /RTC1 /MDd /GS /fp:precise /Zc:wchar_t /Zc:forScope /Zc:inline /Fo"cmTC_03cb6.dir\Debug\\" /Fd"cmTC_03cb6.dir\Debug\vc143.pdb" /external:W1 /Gd /TC /errorReport:queue "D:\YimMenu\CMakeFiles\CMakeScratch\TryCompile-t972ta\HAVE_KRB_H.c"
  HAVE_KRB_H.c
D:\YimMenu\CMakeFiles\CMakeScratch\TryCompile-t972ta\HAVE_KRB_H.c(14,10): fatal  error C1083: Não é possível abrir arquivo incluir: 'krb.h': No such file or directory [D:\YimMenu\CMakeFiles\CMakeScratch\TryCompile-t972ta\cmTC_03cb6.vcxproj]


Source:
/* */
#include <windows.h>
#include <ws2tcpip.h>
#include <winsock2.h>
#include <wincrypt.h>
#include <stdio.h>
#include <sys/stat.h>
#include <sys/types.h>
#include <sys/utime.h>
#include <assert.h>
#include <errno.h>
#include <fcntl.h>
#include <io.h>
#include <krb.h>


int main(void){return 0;}

Determining if files windows.h;ws2tcpip.h;winsock2.h;wincrypt.h;stdio.h;sys/stat.h;sys/types.h;sys/utime.h;assert.h;errno.h;fcntl.h;io.h;libgen.h exist failed with the following output:
Change Dir: D:/YimMenu/CMakeFiles/CMakeScratch/TryCompile-ug6nlw

Run Build Command(s):C:/Program Files/Microsoft Visual Studio/2022/Community/MSBuild/Current/Bin/amd64/MSBuild.exe cmTC_9cb16.vcxproj /p:Configuration=Debug /p:Platform=x64 /p:VisualStudioVersion=17.0 /v:m && MSBuild version 17.4.1+9a89d02ff for .NET Framework
  Microsoft (R) C/C++ Optimizing Compiler Versão 19.34.31937 para x64
  Copyright (C) Microsoft Corporation. Todos os direitos reservados.
  cl /c /Zi /W1 /WX- /diagnostics:column /Od /Ob0 /D _MBCS /D WIN32 /D _WINDOWS /D _WIN32_WINNT=0x0600 /D _WINSOCKAPI_= /D SECURITY_WIN32 /D "CMAKE_INTDIR=\"Debug\"" /Gm- /RTC1 /MDd /GS /fp:precise /Zc:wchar_t /Zc:forScope /Zc:inline /Fo"cmTC_9cb16.dir\Debug\\" /Fd"cmTC_9cb16.dir\Debug\vc143.pdb" /external:W1 /Gd /TC /errorReport:queue "D:\YimMenu\CMakeFiles\CMakeScratch\TryCompile-ug6nlw\HAVE_LIBGEN_H.c"
  HAVE_LIBGEN_H.c
D:\YimMenu\CMakeFiles\CMakeScratch\TryCompile-ug6nlw\HAVE_LIBGEN_H.c(14,10): fatal  error C1083: Não é possível abrir arquivo incluir: 'libgen.h': No such file or directory [D:\YimMenu\CMakeFiles\CMakeScratch\TryCompile-ug6nlw\cmTC_9cb16.vcxproj]


Source:
/* */
#include <windows.h>
#include <ws2tcpip.h>
#include <winsock2.h>
#include <wincrypt.h>
#include <stdio.h>
#include <sys/stat.h>
#include <sys/types.h>
#include <sys/utime.h>
#include <assert.h>
#include <errno.h>
#include <fcntl.h>
#include <io.h>
#include <libgen.h>


int main(void){return 0;}

Determining if files windows.h;ws2tcpip.h;winsock2.h;wincrypt.h;stdio.h;sys/stat.h;sys/types.h;sys/utime.h;assert.h;errno.h;fcntl.h;io.h;locale.h;netinet/tcp.h exist failed with the following output:
Change Dir: D:/YimMenu/CMakeFiles/CMakeScratch/TryCompile-2qk9bk

Run Build Command(s):C:/Program Files/Microsoft Visual Studio/2022/Community/MSBuild/Current/Bin/amd64/MSBuild.exe cmTC_e48ea.vcxproj /p:Configuration=Debug /p:Platform=x64 /p:VisualStudioVersion=17.0 /v:m && MSBuild version 17.4.1+9a89d02ff for .NET Framework
  Microsoft (R) C/C++ Optimizing Compiler Versão 19.34.31937 para x64
  Copyright (C) Microsoft Corporation. Todos os direitos reservados.
  cl /c /Zi /W1 /WX- /diagnostics:column /Od /Ob0 /D _MBCS /D WIN32 /D _WINDOWS /D _WIN32_WINNT=0x0600 /D _WINSOCKAPI_= /D SECURITY_WIN32 /D "CMAKE_INTDIR=\"Debug\"" /Gm- /RTC1 /MDd /GS /fp:precise /Zc:wchar_t /Zc:forScope /Zc:inline /Fo"cmTC_e48ea.dir\Debug\\" /Fd"cmTC_e48ea.dir\Debug\vc143.pdb" /external:W1 /Gd /TC /errorReport:queue "D:\YimMenu\CMakeFiles\CMakeScratch\TryCompile-2qk9bk\HAVE_NETINET_TCP_H.c"
  HAVE_NETINET_TCP_H.c
D:\YimMenu\CMakeFiles\CMakeScratch\TryCompile-2qk9bk\HAVE_NETINET_TCP_H.c(15,10): fatal  error C1083: Não é possível abrir arquivo incluir: 'netinet/tcp.h': No such file or directory [D:\YimMenu\CMakeFiles\CMakeScratch\TryCompile-2qk9bk\cmTC_e48ea.vcxproj]


Source:
/* */
#include <windows.h>
#include <ws2tcpip.h>
#include <winsock2.h>
#include <wincrypt.h>
#include <stdio.h>
#include <sys/stat.h>
#include <sys/types.h>
#include <sys/utime.h>
#include <assert.h>
#include <errno.h>
#include <fcntl.h>
#include <io.h>
#include <locale.h>
#include <netinet/tcp.h>


int main(void){return 0;}

Determining if the include file linux/tcp.h exists failed with the following output:
Change Dir: D:/YimMenu/CMakeFiles/CMakeScratch/TryCompile-rvmsdv

Run Build Command(s):C:/Program Files/Microsoft Visual Studio/2022/Community/MSBuild/Current/Bin/amd64/MSBuild.exe cmTC_eb264.vcxproj /p:Configuration=Debug /p:Platform=x64 /p:VisualStudioVersion=17.0 /v:m && MSBuild version 17.4.1+9a89d02ff for .NET Framework
  Microsoft (R) C/C++ Optimizing Compiler Versão 19.34.31937 para x64
  Copyright (C) Microsoft Corporation. Todos os direitos reservados.
  cl /c /Zi /W1 /WX- /diagnostics:column /Od /Ob0 /D _MBCS /D WIN32 /D _WINDOWS /D _WIN32_WINNT=0x0600 /D _WINSOCKAPI_= /D SECURITY_WIN32 /D "CMAKE_INTDIR=\"Debug\"" /Gm- /RTC1 /MDd /GS /fp:precise /Zc:wchar_t /Zc:forScope /Zc:inline /Fo"cmTC_eb264.dir\Debug\\" /Fd"cmTC_eb264.dir\Debug\vc143.pdb" /external:W1 /Gd /TC /errorReport:queue "D:\YimMenu\CMakeFiles\CMakeScratch\TryCompile-rvmsdv\CheckIncludeFile.c"
  CheckIncludeFile.c
D:\YimMenu\CMakeFiles\CMakeScratch\TryCompile-rvmsdv\CheckIncludeFile.c(1,10): fatal  error C1083: Não é possível abrir arquivo incluir: 'linux/tcp.h': No such file or directory [D:\YimMenu\CMakeFiles\CMakeScratch\TryCompile-rvmsdv\cmTC_eb264.vcxproj]



Determining if files windows.h;ws2tcpip.h;winsock2.h;wincrypt.h;stdio.h;sys/stat.h;sys/types.h;sys/utime.h;assert.h;errno.h;fcntl.h;io.h;locale.h;pem.h exist failed with the following output:
Change Dir: D:/YimMenu/CMakeFiles/CMakeScratch/TryCompile-h5lf5o

Run Build Command(s):C:/Program Files/Microsoft Visual Studio/2022/Community/MSBuild/Current/Bin/amd64/MSBuild.exe cmTC_6263d.vcxproj /p:Configuration=Debug /p:Platform=x64 /p:VisualStudioVersion=17.0 /v:m && MSBuild version 17.4.1+9a89d02ff for .NET Framework
  Microsoft (R) C/C++ Optimizing Compiler Versão 19.34.31937 para x64
  Copyright (C) Microsoft Corporation. Todos os direitos reservados.
  cl /c /Zi /W1 /WX- /diagnostics:column /Od /Ob0 /D _MBCS /D WIN32 /D _WINDOWS /D _WIN32_WINNT=0x0600 /D _WINSOCKAPI_= /D SECURITY_WIN32 /D "CMAKE_INTDIR=\"Debug\"" /Gm- /RTC1 /MDd /GS /fp:precise /Zc:wchar_t /Zc:forScope /Zc:inline /Fo"cmTC_6263d.dir\Debug\\" /Fd"cmTC_6263d.dir\Debug\vc143.pdb" /external:W1 /Gd /TC /errorReport:queue "D:\YimMenu\CMakeFiles\CMakeScratch\TryCompile-h5lf5o\HAVE_PEM_H.c"
  HAVE_PEM_H.c
D:\YimMenu\CMakeFiles\CMakeScratch\TryCompile-h5lf5o\HAVE_PEM_H.c(15,10): fatal  error C1083: Não é possível abrir arquivo incluir: 'pem.h': No such file or directory [D:\YimMenu\CMakeFiles\CMakeScratch\TryCompile-h5lf5o\cmTC_6263d.vcxproj]


Source:
/* */
#include <windows.h>
#include <ws2tcpip.h>
#include <winsock2.h>
#include <wincrypt.h>
#include <stdio.h>
#include <sys/stat.h>
#include <sys/types.h>
#include <sys/utime.h>
#include <assert.h>
#include <errno.h>
#include <fcntl.h>
#include <io.h>
#include <locale.h>
#include <pem.h>


int main(void){return 0;}

Determining if files windows.h;ws2tcpip.h;winsock2.h;wincrypt.h;stdio.h;sys/stat.h;sys/types.h;sys/utime.h;assert.h;errno.h;fcntl.h;io.h;locale.h;poll.h exist failed with the following output:
Change Dir: D:/YimMenu/CMakeFiles/CMakeScratch/TryCompile-qxqyjb

Run Build Command(s):C:/Program Files/Microsoft Visual Studio/2022/Community/MSBuild/Current/Bin/amd64/MSBuild.exe cmTC_84b4c.vcxproj /p:Configuration=Debug /p:Platform=x64 /p:VisualStudioVersion=17.0 /v:m && MSBuild version 17.4.1+9a89d02ff for .NET Framework
  Microsoft (R) C/C++ Optimizing Compiler Versão 19.34.31937 para x64
  Copyright (C) Microsoft Corporation. Todos os direitos reservados.
  cl /c /Zi /W1 /WX- /diagnostics:column /Od /Ob0 /D _MBCS /D WIN32 /D _WINDOWS /D _WIN32_WINNT=0x0600 /D _WINSOCKAPI_= /D SECURITY_WIN32 /D "CMAKE_INTDIR=\"Debug\"" /Gm- /RTC1 /MDd /GS /fp:precise /Zc:wchar_t /Zc:forScope /Zc:inline /Fo"cmTC_84b4c.dir\Debug\\" /Fd"cmTC_84b4c.dir\Debug\vc143.pdb" /external:W1 /Gd /TC /errorReport:queue "D:\YimMenu\CMakeFiles\CMakeScratch\TryCompile-qxqyjb\HAVE_POLL_H.c"
  HAVE_POLL_H.c
D:\YimMenu\CMakeFiles\CMakeScratch\TryCompile-qxqyjb\HAVE_POLL_H.c(15,10): fatal  error C1083: Não é possível abrir arquivo incluir: 'poll.h': No such file or directory [D:\YimMenu\CMakeFiles\CMakeScratch\TryCompile-qxqyjb\cmTC_84b4c.vcxproj]


Source:
/* */
#include <windows.h>
#include <ws2tcpip.h>
#include <winsock2.h>
#include <wincrypt.h>
#include <stdio.h>
#include <sys/stat.h>
#include <sys/types.h>
#include <sys/utime.h>
#include <assert.h>
#include <errno.h>
#include <fcntl.h>
#include <io.h>
#include <locale.h>
#include <poll.h>


int main(void){return 0;}

Determining if files windows.h;ws2tcpip.h;winsock2.h;wincrypt.h;stdio.h;sys/stat.h;sys/types.h;sys/utime.h;assert.h;errno.h;fcntl.h;io.h;locale.h;setjmp.h;signal.h;ssl.h exist failed with the following output:
Change Dir: D:/YimMenu/CMakeFiles/CMakeScratch/TryCompile-ttomd2

Run Build Command(s):C:/Program Files/Microsoft Visual Studio/2022/Community/MSBuild/Current/Bin/amd64/MSBuild.exe cmTC_91f8b.vcxproj /p:Configuration=Debug /p:Platform=x64 /p:VisualStudioVersion=17.0 /v:m && MSBuild version 17.4.1+9a89d02ff for .NET Framework
  Microsoft (R) C/C++ Optimizing Compiler Versão 19.34.31937 para x64
  Copyright (C) Microsoft Corporation. Todos os direitos reservados.
  cl /c /Zi /W1 /WX- /diagnostics:column /Od /Ob0 /D _MBCS /D WIN32 /D _WINDOWS /D _WIN32_WINNT=0x0600 /D _WINSOCKAPI_= /D SECURITY_WIN32 /D "CMAKE_INTDIR=\"Debug\"" /Gm- /RTC1 /MDd /GS /fp:precise /Zc:wchar_t /Zc:forScope /Zc:inline /Fo"cmTC_91f8b.dir\Debug\\" /Fd"cmTC_91f8b.dir\Debug\vc143.pdb" /external:W1 /Gd /TC /errorReport:queue "D:\YimMenu\CMakeFiles\CMakeScratch\TryCompile-ttomd2\HAVE_SSL_H.c"
  HAVE_SSL_H.c
D:\YimMenu\CMakeFiles\CMakeScratch\TryCompile-ttomd2\HAVE_SSL_H.c(17,10): fatal  error C1083: Não é possível abrir arquivo incluir: 'ssl.h': No such file or directory [D:\YimMenu\CMakeFiles\CMakeScratch\TryCompile-ttomd2\cmTC_91f8b.vcxproj]


Source:
/* */
#include <windows.h>
#include <ws2tcpip.h>
#include <winsock2.h>
#include <wincrypt.h>
#include <stdio.h>
#include <sys/stat.h>
#include <sys/types.h>
#include <sys/utime.h>
#include <assert.h>
#include <errno.h>
#include <fcntl.h>
#include <io.h>
#include <locale.h>
#include <setjmp.h>
#include <signal.h>
#include <ssl.h>


int main(void){return 0;}

Determining if files windows.h;ws2tcpip.h;winsock2.h;wincrypt.h;stdio.h;sys/stat.h;sys/types.h;sys/utime.h;assert.h;errno.h;fcntl.h;io.h;locale.h;setjmp.h;signal.h;stdbool.h;stdio.h;stdlib.h;string.h;stropts.h exist failed with the following output:
Change Dir: D:/YimMenu/CMakeFiles/CMakeScratch/TryCompile-a2c2i2

Run Build Command(s):C:/Program Files/Microsoft Visual Studio/2022/Community/MSBuild/Current/Bin/amd64/MSBuild.exe cmTC_bbcee.vcxproj /p:Configuration=Debug /p:Platform=x64 /p:VisualStudioVersion=17.0 /v:m && MSBuild version 17.4.1+9a89d02ff for .NET Framework
  Microsoft (R) C/C++ Optimizing Compiler Versão 19.34.31937 para x64
  Copyright (C) Microsoft Corporation. Todos os direitos reservados.
  cl /c /Zi /W1 /WX- /diagnostics:column /Od /Ob0 /D _MBCS /D WIN32 /D _WINDOWS /D _WIN32_WINNT=0x0600 /D _WINSOCKAPI_= /D SECURITY_WIN32 /D "CMAKE_INTDIR=\"Debug\"" /Gm- /RTC1 /MDd /GS /fp:precise /Zc:wchar_t /Zc:forScope /Zc:inline /Fo"cmTC_bbcee.dir\Debug\\" /Fd"cmTC_bbcee.dir\Debug\vc143.pdb" /external:W1 /Gd /TC /errorReport:queue "D:\YimMenu\CMakeFiles\CMakeScratch\TryCompile-a2c2i2\HAVE_STROPTS_H.c"
  HAVE_STROPTS_H.c
D:\YimMenu\CMakeFiles\CMakeScratch\TryCompile-a2c2i2\HAVE_STROPTS_H.c(21,10): fatal  error C1083: Não é possível abrir arquivo incluir: 'stropts.h': No such file or directory [D:\YimMenu\CMakeFiles\CMakeScratch\TryCompile-a2c2i2\cmTC_bbcee.vcxproj]


Source:
/* */
#include <windows.h>
#include <ws2tcpip.h>
#include <winsock2.h>
#include <wincrypt.h>
#include <stdio.h>
#include <sys/stat.h>
#include <sys/types.h>
#include <sys/utime.h>
#include <assert.h>
#include <errno.h>
#include <fcntl.h>
#include <io.h>
#include <locale.h>
#include <setjmp.h>
#include <signal.h>
#include <stdbool.h>
#include <stdio.h>
#include <stdlib.h>
#include <string.h>
#include <stropts.h>


int main(void){return 0;}

Determining if files windows.h;ws2tcpip.h;winsock2.h;wincrypt.h;stdio.h;sys/stat.h;sys/types.h;sys/utime.h;assert.h;errno.h;fcntl.h;io.h;locale.h;setjmp.h;signal.h;stdbool.h;stdio.h;stdlib.h;string.h;time.h;process.h;stddef.h;malloc.h;memory.h;sys/utsname.h exist failed with the following output:
Change Dir: D:/YimMenu/CMakeFiles/CMakeScratch/TryCompile-dd6duv

Run Build Command(s):C:/Program Files/Microsoft Visual Studio/2022/Community/MSBuild/Current/Bin/amd64/MSBuild.exe cmTC_75564.vcxproj /p:Configuration=Debug /p:Platform=x64 /p:VisualStudioVersion=17.0 /v:m && MSBuild version 17.4.1+9a89d02ff for .NET Framework
  Microsoft (R) C/C++ Optimizing Compiler Versão 19.34.31937 para x64
  Copyright (C) Microsoft Corporation. Todos os direitos reservados.
  cl /c /Zi /W1 /WX- /diagnostics:column /Od /Ob0 /D _MBCS /D WIN32 /D _WINDOWS /D _WIN32_WINNT=0x0600 /D _WINSOCKAPI_= /D SECURITY_WIN32 /D "CMAKE_INTDIR=\"Debug\"" /Gm- /RTC1 /MDd /GS /fp:precise /Zc:wchar_t /Zc:forScope /Zc:inline /Fo"cmTC_75564.dir\Debug\\" /Fd"cmTC_75564.dir\Debug\vc143.pdb" /external:W1 /Gd /TC /errorReport:queue "D:\YimMenu\CMakeFiles\CMakeScratch\TryCompile-dd6duv\HAVE_SYS_UTSNAME_H.c"
  HAVE_SYS_UTSNAME_H.c
D:\YimMenu\CMakeFiles\CMakeScratch\TryCompile-dd6duv\HAVE_SYS_UTSNAME_H.c(26,10): fatal  error C1083: Não é possível abrir arquivo incluir: 'sys/utsname.h': No such file or directory [D:\YimMenu\CMakeFiles\CMakeScratch\TryCompile-dd6duv\cmTC_75564.vcxproj]


Source:
/* */
#include <windows.h>
#include <ws2tcpip.h>
#include <winsock2.h>
#include <wincrypt.h>
#include <stdio.h>
#include <sys/stat.h>
#include <sys/types.h>
#include <sys/utime.h>
#include <assert.h>
#include <errno.h>
#include <fcntl.h>
#include <io.h>
#include <locale.h>
#include <setjmp.h>
#include <signal.h>
#include <stdbool.h>
#include <stdio.h>
#include <stdlib.h>
#include <string.h>
#include <time.h>
#include <process.h>
#include <stddef.h>
#include <malloc.h>
#include <memory.h>
#include <sys/utsname.h>


int main(void){return 0;}

Determining size of ssize_t failed with the following output:
Change Dir: D:/YimMenu/CMakeFiles/CMakeScratch/TryCompile-x8oylk

Run Build Command(s):C:/Program Files/Microsoft Visual Studio/2022/Community/MSBuild/Current/Bin/amd64/MSBuild.exe cmTC_4a97f.vcxproj /p:Configuration=Debug /p:Platform=x64 /p:VisualStudioVersion=17.0 /v:m && MSBuild version 17.4.1+9a89d02ff for .NET Framework
  Microsoft (R) C/C++ Optimizing Compiler Versão 19.34.31937 para x64
  Copyright (C) Microsoft Corporation. Todos os direitos reservados.
  cl /c /Zi /W1 /WX- /diagnostics:column /Od /Ob0 /D _MBCS /D WIN32 /D _WINDOWS /D _WIN32_WINNT=0x0600 /D _WINSOCKAPI_= /D SECURITY_WIN32 /D "CMAKE_INTDIR=\"Debug\"" /Gm- /RTC1 /MDd /GS /fp:precise /Zc:wchar_t /Zc:forScope /Zc:inline /Fo"cmTC_4a97f.dir\Debug\\" /Fd"cmTC_4a97f.dir\Debug\vc143.pdb" /external:W1 /Gd /TC /errorReport:queue "D:\YimMenu\CMakeFiles\CMakeScratch\TryCompile-x8oylk\SIZEOF_SSIZE_T.c"
  SIZEOF_SSIZE_T.c
D:\YimMenu\CMakeFiles\CMakeScratch\TryCompile-x8oylk\SIZEOF_SSIZE_T.c(28,12): error C2065: 'ssize_t': identificador não declarado [D:\YimMenu\CMakeFiles\CMakeScratch\TryCompile-x8oylk\cmTC_4a97f.vcxproj]
D:\YimMenu\CMakeFiles\CMakeScratch\TryCompile-x8oylk\SIZEOF_SSIZE_T.c(29,12): error C2065: 'ssize_t': identificador não declarado [D:\YimMenu\CMakeFiles\CMakeScratch\TryCompile-x8oylk\cmTC_4a97f.vcxproj]
D:\YimMenu\CMakeFiles\CMakeScratch\TryCompile-x8oylk\SIZEOF_SSIZE_T.c(30,12): error C2065: 'ssize_t': identificador não declarado [D:\YimMenu\CMakeFiles\CMakeScratch\TryCompile-x8oylk\cmTC_4a97f.vcxproj]
D:\YimMenu\CMakeFiles\CMakeScratch\TryCompile-x8oylk\SIZEOF_SSIZE_T.c(31,12): error C2065: 'ssize_t': identificador não declarado [D:\YimMenu\CMakeFiles\CMakeScratch\TryCompile-x8oylk\cmTC_4a97f.vcxproj]
D:\YimMenu\CMakeFiles\CMakeScratch\TryCompile-x8oylk\SIZEOF_SSIZE_T.c(32,12): error C2065: 'ssize_t': identificador não declarado [D:\YimMenu\CMakeFiles\CMakeScratch\TryCompile-x8oylk\cmTC_4a97f.vcxproj]


SIZEOF_SSIZE_T.c:
#include <sys/types.h>
#include <stddef.h>


#undef KEY
#if defined(__i386)
# define KEY '_','_','i','3','8','6'
#elif defined(__x86_64)
# define KEY '_','_','x','8','6','_','6','4'
#elif defined(__PPC64__)
# define KEY '_','_','P','P','C','6','4','_','_'
#elif defined(__ppc64__)
# define KEY '_','_','p','p','c','6','4','_','_'
#elif defined(__PPC__)
# define KEY '_','_','P','P','C','_','_'
#elif defined(__ppc__)
# define KEY '_','_','p','p','c','_','_'
#elif defined(__aarch64__)
# define KEY '_','_','a','a','r','c','h','6','4','_','_'
#elif defined(__ARM_ARCH_7A__)
# define KEY '_','_','A','R','M','_','A','R','C','H','_','7','A','_','_'
#elif defined(__ARM_ARCH_7S__)
# define KEY '_','_','A','R','M','_','A','R','C','H','_','7','S','_','_'
#endif

#define SIZE (sizeof(ssize_t))
static char info_size[] =  {'I', 'N', 'F', 'O', ':', 's','i','z','e','[',
  ('0' + ((SIZE / 10000)%10)),
  ('0' + ((SIZE / 1000)%10)),
  ('0' + ((SIZE / 100)%10)),
  ('0' + ((SIZE / 10)%10)),
  ('0' +  (SIZE    % 10)),
  ']',
#ifdef KEY
  ' ','k','e','y','[', KEY, ']',
#endif
  '\0'};

#ifdef __CLASSIC_C__
int main(argc, argv) int argc; char *argv[];
#else
int main(int argc, char *argv[])
#endif
{
  int require = 0;
  require += info_size[argc];
  (void)argv;
  return require;
}


Determining if the basename exist failed with the following output:
Change Dir: D:/YimMenu/CMakeFiles/CMakeScratch/TryCompile-bbfjdo

Run Build Command(s):C:/Program Files/Microsoft Visual Studio/2022/Community/MSBuild/Current/Bin/amd64/MSBuild.exe cmTC_47a26.vcxproj /p:Configuration=Debug /p:Platform=x64 /p:VisualStudioVersion=17.0 /v:m && MSBuild version 17.4.1+9a89d02ff for .NET Framework
  Microsoft (R) C/C++ Optimizing Compiler Versão 19.34.31937 para x64
  Copyright (C) Microsoft Corporation. Todos os direitos reservados.
  cl /c /Zi /W1 /WX- /diagnostics:column /Od /Ob0 /D _MBCS /D WIN32 /D _WINDOWS /D _WIN32_WINNT=0x0600 /D _WINSOCKAPI_= /D SECURITY_WIN32 /D "CMAKE_INTDIR=\"Debug\"" /Gm- /RTC1 /MDd /GS /fp:precise /Zc:wchar_t /Zc:forScope /Zc:inline /Fo"cmTC_47a26.dir\Debug\\" /Fd"cmTC_47a26.dir\Debug\vc143.pdb" /external:W1 /Gd /TC /errorReport:queue "D:\YimMenu\CMakeFiles\CMakeScratch\TryCompile-bbfjdo\CheckSymbolExists.c"
  CheckSymbolExists.c
D:\YimMenu\CMakeFiles\CMakeScratch\TryCompile-bbfjdo\CheckSymbolExists.c(31,27): error C2065: 'basename': identificador não declarado [D:\YimMenu\CMakeFiles\CMakeScratch\TryCompile-bbfjdo\cmTC_47a26.vcxproj]


File CheckSymbolExists.c:
/* */
#include <windows.h>
#include <ws2tcpip.h>
#include <winsock2.h>
#include <wincrypt.h>
#include <stdio.h>
#include <sys/stat.h>
#include <sys/types.h>
#include <sys/utime.h>
#include <assert.h>
#include <errno.h>
#include <fcntl.h>
#include <io.h>
#include <locale.h>
#include <setjmp.h>
#include <signal.h>
#include <stdbool.h>
#include <stdio.h>
#include <stdlib.h>
#include <string.h>
#include <time.h>
#include <process.h>
#include <stddef.h>
#include <malloc.h>
#include <memory.h>

int main(int argc, char** argv)
{
  (void)argv;
#ifndef basename
  return ((int*)(&basename))[argc];
#else
  (void)argc;
  return 0;
#endif
}

Determining if the strncmpi exist failed with the following output:
Change Dir: D:/YimMenu/CMakeFiles/CMakeScratch/TryCompile-zd6esk

Run Build Command(s):C:/Program Files/Microsoft Visual Studio/2022/Community/MSBuild/Current/Bin/amd64/MSBuild.exe cmTC_e1227.vcxproj /p:Configuration=Debug /p:Platform=x64 /p:VisualStudioVersion=17.0 /v:m && MSBuild version 17.4.1+9a89d02ff for .NET Framework
  Microsoft (R) C/C++ Optimizing Compiler Versão 19.34.31937 para x64
  Copyright (C) Microsoft Corporation. Todos os direitos reservados.
  cl /c /Zi /W1 /WX- /diagnostics:column /Od /Ob0 /D _MBCS /D WIN32 /D _WINDOWS /D _WIN32_WINNT=0x0600 /D _WINSOCKAPI_= /D SECURITY_WIN32 /D "CMAKE_INTDIR=\"Debug\"" /Gm- /RTC1 /MDd /GS /fp:precise /Zc:wchar_t /Zc:forScope /Zc:inline /Fo"cmTC_e1227.dir\Debug\\" /Fd"cmTC_e1227.dir\Debug\vc143.pdb" /external:W1 /Gd /TC /errorReport:queue "D:\YimMenu\CMakeFiles\CMakeScratch\TryCompile-zd6esk\CheckSymbolExists.c"
  CheckSymbolExists.c
D:\YimMenu\CMakeFiles\CMakeScratch\TryCompile-zd6esk\CheckSymbolExists.c(31,27): error C2065: 'strncmpi': identificador não declarado [D:\YimMenu\CMakeFiles\CMakeScratch\TryCompile-zd6esk\cmTC_e1227.vcxproj]


File CheckSymbolExists.c:
/* */
#include <windows.h>
#include <ws2tcpip.h>
#include <winsock2.h>
#include <wincrypt.h>
#include <stdio.h>
#include <sys/stat.h>
#include <sys/types.h>
#include <sys/utime.h>
#include <assert.h>
#include <errno.h>
#include <fcntl.h>
#include <io.h>
#include <locale.h>
#include <setjmp.h>
#include <signal.h>
#include <stdbool.h>
#include <stdio.h>
#include <stdlib.h>
#include <string.h>
#include <time.h>
#include <process.h>
#include <stddef.h>
#include <malloc.h>
#include <memory.h>

int main(int argc, char** argv)
{
  (void)argv;
#ifndef strncmpi
  return ((int*)(&strncmpi))[argc];
#else
  (void)argc;
  return 0;
#endif
}

Determining if the alarm exist failed with the following output:
Change Dir: D:/YimMenu/CMakeFiles/CMakeScratch/TryCompile-j56fs1

Run Build Command(s):C:/Program Files/Microsoft Visual Studio/2022/Community/MSBuild/Current/Bin/amd64/MSBuild.exe cmTC_23401.vcxproj /p:Configuration=Debug /p:Platform=x64 /p:VisualStudioVersion=17.0 /v:m && MSBuild version 17.4.1+9a89d02ff for .NET Framework
  Microsoft (R) C/C++ Optimizing Compiler Versão 19.34.31937 para x64
  Copyright (C) Microsoft Corporation. Todos os direitos reservados.
  cl /c /Zi /W1 /WX- /diagnostics:column /Od /Ob0 /D _MBCS /D WIN32 /D _WINDOWS /D _WIN32_WINNT=0x0600 /D _WINSOCKAPI_= /D SECURITY_WIN32 /D "CMAKE_INTDIR=\"Debug\"" /Gm- /RTC1 /MDd /GS /fp:precise /Zc:wchar_t /Zc:forScope /Zc:inline /Fo"cmTC_23401.dir\Debug\\" /Fd"cmTC_23401.dir\Debug\vc143.pdb" /external:W1 /Gd /TC /errorReport:queue "D:\YimMenu\CMakeFiles\CMakeScratch\TryCompile-j56fs1\CheckSymbolExists.c"
  CheckSymbolExists.c
D:\YimMenu\CMakeFiles\CMakeScratch\TryCompile-j56fs1\CheckSymbolExists.c(31,24): error C2065: 'alarm': identificador não declarado [D:\YimMenu\CMakeFiles\CMakeScratch\TryCompile-j56fs1\cmTC_23401.vcxproj]


File CheckSymbolExists.c:
/* */
#include <windows.h>
#include <ws2tcpip.h>
#include <winsock2.h>
#include <wincrypt.h>
#include <stdio.h>
#include <sys/stat.h>
#include <sys/types.h>
#include <sys/utime.h>
#include <assert.h>
#include <errno.h>
#include <fcntl.h>
#include <io.h>
#include <locale.h>
#include <setjmp.h>
#include <signal.h>
#include <stdbool.h>
#include <stdio.h>
#include <stdlib.h>
#include <string.h>
#include <time.h>
#include <process.h>
#include <stddef.h>
#include <malloc.h>
#include <memory.h>

int main(int argc, char** argv)
{
  (void)argv;
#ifndef alarm
  return ((int*)(&alarm))[argc];
#else
  (void)argc;
  return 0;
#endif
}

Determining if the getppid exist failed with the following output:
Change Dir: D:/YimMenu/CMakeFiles/CMakeScratch/TryCompile-hoo7hu

Run Build Command(s):C:/Program Files/Microsoft Visual Studio/2022/Community/MSBuild/Current/Bin/amd64/MSBuild.exe cmTC_52512.vcxproj /p:Configuration=Debug /p:Platform=x64 /p:VisualStudioVersion=17.0 /v:m && MSBuild version 17.4.1+9a89d02ff for .NET Framework
  Microsoft (R) C/C++ Optimizing Compiler Versão 19.34.31937 para x64
  Copyright (C) Microsoft Corporation. Todos os direitos reservados.
  cl /c /Zi /W1 /WX- /diagnostics:column /Od /Ob0 /D _MBCS /D WIN32 /D _WINDOWS /D _WIN32_WINNT=0x0600 /D _WINSOCKAPI_= /D SECURITY_WIN32 /D "CMAKE_INTDIR=\"Debug\"" /Gm- /RTC1 /MDd /GS /fp:precise /Zc:wchar_t /Zc:forScope /Zc:inline /Fo"cmTC_52512.dir\Debug\\" /Fd"cmTC_52512.dir\Debug\vc143.pdb" /external:W1 /Gd /TC /errorReport:queue "D:\YimMenu\CMakeFiles\CMakeScratch\TryCompile-hoo7hu\CheckSymbolExists.c"
  CheckSymbolExists.c
D:\YimMenu\CMakeFiles\CMakeScratch\TryCompile-hoo7hu\CheckSymbolExists.c(31,26): error C2065: 'getppid': identificador não declarado [D:\YimMenu\CMakeFiles\CMakeScratch\TryCompile-hoo7hu\cmTC_52512.vcxproj]


File CheckSymbolExists.c:
/* */
#include <windows.h>
#include <ws2tcpip.h>
#include <winsock2.h>
#include <wincrypt.h>
#include <stdio.h>
#include <sys/stat.h>
#include <sys/types.h>
#include <sys/utime.h>
#include <assert.h>
#include <errno.h>
#include <fcntl.h>
#include <io.h>
#include <locale.h>
#include <setjmp.h>
#include <signal.h>
#include <stdbool.h>
#include <stdio.h>
#include <stdlib.h>
#include <string.h>
#include <time.h>
#include <process.h>
#include <stddef.h>
#include <malloc.h>
#include <memory.h>

int main(int argc, char** argv)
{
  (void)argv;
#ifndef getppid
  return ((int*)(&getppid))[argc];
#else
  (void)argc;
  return 0;
#endif
}

Determining if the utimes exist failed with the following output:
Change Dir: D:/YimMenu/CMakeFiles/CMakeScratch/TryCompile-zvot1w

Run Build Command(s):C:/Program Files/Microsoft Visual Studio/2022/Community/MSBuild/Current/Bin/amd64/MSBuild.exe cmTC_7c571.vcxproj /p:Configuration=Debug /p:Platform=x64 /p:VisualStudioVersion=17.0 /v:m && MSBuild version 17.4.1+9a89d02ff for .NET Framework
  Microsoft (R) C/C++ Optimizing Compiler Versão 19.34.31937 para x64
  Copyright (C) Microsoft Corporation. Todos os direitos reservados.
  cl /c /Zi /W1 /WX- /diagnostics:column /Od /Ob0 /D _MBCS /D WIN32 /D _WINDOWS /D _WIN32_WINNT=0x0600 /D _WINSOCKAPI_= /D SECURITY_WIN32 /D "CMAKE_INTDIR=\"Debug\"" /Gm- /RTC1 /MDd /GS /fp:precise /Zc:wchar_t /Zc:forScope /Zc:inline /Fo"cmTC_7c571.dir\Debug\\" /Fd"cmTC_7c571.dir\Debug\vc143.pdb" /external:W1 /Gd /TC /errorReport:queue "D:\YimMenu\CMakeFiles\CMakeScratch\TryCompile-zvot1w\CheckSymbolExists.c"
  CheckSymbolExists.c
D:\YimMenu\CMakeFiles\CMakeScratch\TryCompile-zvot1w\CheckSymbolExists.c(31,25): error C2065: 'utimes': identificador não declarado [D:\YimMenu\CMakeFiles\CMakeScratch\TryCompile-zvot1w\cmTC_7c571.vcxproj]


File CheckSymbolExists.c:
/* */
#include <windows.h>
#include <ws2tcpip.h>
#include <winsock2.h>
#include <wincrypt.h>
#include <stdio.h>
#include <sys/stat.h>
#include <sys/types.h>
#include <sys/utime.h>
#include <assert.h>
#include <errno.h>
#include <fcntl.h>
#include <io.h>
#include <locale.h>
#include <setjmp.h>
#include <signal.h>
#include <stdbool.h>
#include <stdio.h>
#include <stdlib.h>
#include <string.h>
#include <time.h>
#include <process.h>
#include <stddef.h>
#include <malloc.h>
#include <memory.h>

int main(int argc, char** argv)
{
  (void)argv;
#ifndef utimes
  return ((int*)(&utimes))[argc];
#else
  (void)argc;
  return 0;
#endif
}

Determining if the getpwuid_r exist failed with the following output:
Change Dir: D:/YimMenu/CMakeFiles/CMakeScratch/TryCompile-eqzygh

Run Build Command(s):C:/Program Files/Microsoft Visual Studio/2022/Community/MSBuild/Current/Bin/amd64/MSBuild.exe cmTC_c7e29.vcxproj /p:Configuration=Debug /p:Platform=x64 /p:VisualStudioVersion=17.0 /v:m && MSBuild version 17.4.1+9a89d02ff for .NET Framework
  Microsoft (R) C/C++ Optimizing Compiler Versão 19.34.31937 para x64
  Copyright (C) Microsoft Corporation. Todos os direitos reservados.
  cl /c /Zi /W1 /WX- /diagnostics:column /Od /Ob0 /D _MBCS /D WIN32 /D _WINDOWS /D _WIN32_WINNT=0x0600 /D _WINSOCKAPI_= /D SECURITY_WIN32 /D "CMAKE_INTDIR=\"Debug\"" /Gm- /RTC1 /MDd /GS /fp:precise /Zc:wchar_t /Zc:forScope /Zc:inline /Fo"cmTC_c7e29.dir\Debug\\" /Fd"cmTC_c7e29.dir\Debug\vc143.pdb" /external:W1 /Gd /TC /errorReport:queue "D:\YimMenu\CMakeFiles\CMakeScratch\TryCompile-eqzygh\CheckSymbolExists.c"
  CheckSymbolExists.c
D:\YimMenu\CMakeFiles\CMakeScratch\TryCompile-eqzygh\CheckSymbolExists.c(31,29): error C2065: 'getpwuid_r': identificador não declarado [D:\YimMenu\CMakeFiles\CMakeScratch\TryCompile-eqzygh\cmTC_c7e29.vcxproj]


File CheckSymbolExists.c:
/* */
#include <windows.h>
#include <ws2tcpip.h>
#include <winsock2.h>
#include <wincrypt.h>
#include <stdio.h>
#include <sys/stat.h>
#include <sys/types.h>
#include <sys/utime.h>
#include <assert.h>
#include <errno.h>
#include <fcntl.h>
#include <io.h>
#include <locale.h>
#include <setjmp.h>
#include <signal.h>
#include <stdbool.h>
#include <stdio.h>
#include <stdlib.h>
#include <string.h>
#include <time.h>
#include <process.h>
#include <stddef.h>
#include <malloc.h>
#include <memory.h>

int main(int argc, char** argv)
{
  (void)argv;
#ifndef getpwuid_r
  return ((int*)(&getpwuid_r))[argc];
#else
  (void)argc;
  return 0;
#endif
}

Determining if the usleep exist failed with the following output:
Change Dir: D:/YimMenu/CMakeFiles/CMakeScratch/TryCompile-m5a7t5

Run Build Command(s):C:/Program Files/Microsoft Visual Studio/2022/Community/MSBuild/Current/Bin/amd64/MSBuild.exe cmTC_c9df1.vcxproj /p:Configuration=Debug /p:Platform=x64 /p:VisualStudioVersion=17.0 /v:m && MSBuild version 17.4.1+9a89d02ff for .NET Framework
  Microsoft (R) C/C++ Optimizing Compiler Versão 19.34.31937 para x64
  Copyright (C) Microsoft Corporation. Todos os direitos reservados.
  cl /c /Zi /W1 /WX- /diagnostics:column /Od /Ob0 /D _MBCS /D WIN32 /D _WINDOWS /D _WIN32_WINNT=0x0600 /D _WINSOCKAPI_= /D SECURITY_WIN32 /D "CMAKE_INTDIR=\"Debug\"" /Gm- /RTC1 /MDd /GS /fp:precise /Zc:wchar_t /Zc:forScope /Zc:inline /Fo"cmTC_c9df1.dir\Debug\\" /Fd"cmTC_c9df1.dir\Debug\vc143.pdb" /external:W1 /Gd /TC /errorReport:queue "D:\YimMenu\CMakeFiles\CMakeScratch\TryCompile-m5a7t5\CheckSymbolExists.c"
  CheckSymbolExists.c
D:\YimMenu\CMakeFiles\CMakeScratch\TryCompile-m5a7t5\CheckSymbolExists.c(31,25): error C2065: 'usleep': identificador não declarado [D:\YimMenu\CMakeFiles\CMakeScratch\TryCompile-m5a7t5\cmTC_c9df1.vcxproj]


File CheckSymbolExists.c:
/* */
#include <windows.h>
#include <ws2tcpip.h>
#include <winsock2.h>
#include <wincrypt.h>
#include <stdio.h>
#include <sys/stat.h>
#include <sys/types.h>
#include <sys/utime.h>
#include <assert.h>
#include <errno.h>
#include <fcntl.h>
#include <io.h>
#include <locale.h>
#include <setjmp.h>
#include <signal.h>
#include <stdbool.h>
#include <stdio.h>
#include <stdlib.h>
#include <string.h>
#include <time.h>
#include <process.h>
#include <stddef.h>
#include <malloc.h>
#include <memory.h>

int main(int argc, char** argv)
{
  (void)argv;
#ifndef usleep
  return ((int*)(&usleep))[argc];
#else
  (void)argc;
  return 0;
#endif
}

Determining if the strerror_r exist failed with the following output:
Change Dir: D:/YimMenu/CMakeFiles/CMakeScratch/TryCompile-nk36us

Run Build Command(s):C:/Program Files/Microsoft Visual Studio/2022/Community/MSBuild/Current/Bin/amd64/MSBuild.exe cmTC_ea499.vcxproj /p:Configuration=Debug /p:Platform=x64 /p:VisualStudioVersion=17.0 /v:m && MSBuild version 17.4.1+9a89d02ff for .NET Framework
  Microsoft (R) C/C++ Optimizing Compiler Versão 19.34.31937 para x64
  Copyright (C) Microsoft Corporation. Todos os direitos reservados.
  cl /c /Zi /W1 /WX- /diagnostics:column /Od /Ob0 /D _MBCS /D WIN32 /D _WINDOWS /D _WIN32_WINNT=0x0600 /D _WINSOCKAPI_= /D SECURITY_WIN32 /D "CMAKE_INTDIR=\"Debug\"" /Gm- /RTC1 /MDd /GS /fp:precise /Zc:wchar_t /Zc:forScope /Zc:inline /Fo"cmTC_ea499.dir\Debug\\" /Fd"cmTC_ea499.dir\Debug\vc143.pdb" /external:W1 /Gd /TC /errorReport:queue "D:\YimMenu\CMakeFiles\CMakeScratch\TryCompile-nk36us\CheckSymbolExists.c"
  CheckSymbolExists.c
D:\YimMenu\CMakeFiles\CMakeScratch\TryCompile-nk36us\CheckSymbolExists.c(31,29): error C2065: 'strerror_r': identificador não declarado [D:\YimMenu\CMakeFiles\CMakeScratch\TryCompile-nk36us\cmTC_ea499.vcxproj]


File CheckSymbolExists.c:
/* */
#include <windows.h>
#include <ws2tcpip.h>
#include <winsock2.h>
#include <wincrypt.h>
#include <stdio.h>
#include <sys/stat.h>
#include <sys/types.h>
#include <sys/utime.h>
#include <assert.h>
#include <errno.h>
#include <fcntl.h>
#include <io.h>
#include <locale.h>
#include <setjmp.h>
#include <signal.h>
#include <stdbool.h>
#include <stdio.h>
#include <stdlib.h>
#include <string.h>
#include <time.h>
#include <process.h>
#include <stddef.h>
#include <malloc.h>
#include <memory.h>

int main(int argc, char** argv)
{
  (void)argv;
#ifndef strerror_r
  return ((int*)(&strerror_r))[argc];
#else
  (void)argc;
  return 0;
#endif
}

Determining if the siginterrupt exist failed with the following output:
Change Dir: D:/YimMenu/CMakeFiles/CMakeScratch/TryCompile-ykqcy1

Run Build Command(s):C:/Program Files/Microsoft Visual Studio/2022/Community/MSBuild/Current/Bin/amd64/MSBuild.exe cmTC_e8649.vcxproj /p:Configuration=Debug /p:Platform=x64 /p:VisualStudioVersion=17.0 /v:m && MSBuild version 17.4.1+9a89d02ff for .NET Framework
  Microsoft (R) C/C++ Optimizing Compiler Versão 19.34.31937 para x64
  Copyright (C) Microsoft Corporation. Todos os direitos reservados.
  cl /c /Zi /W1 /WX- /diagnostics:column /Od /Ob0 /D _MBCS /D WIN32 /D _WINDOWS /D _WIN32_WINNT=0x0600 /D _WINSOCKAPI_= /D SECURITY_WIN32 /D "CMAKE_INTDIR=\"Debug\"" /Gm- /RTC1 /MDd /GS /fp:precise /Zc:wchar_t /Zc:forScope /Zc:inline /Fo"cmTC_e8649.dir\Debug\\" /Fd"cmTC_e8649.dir\Debug\vc143.pdb" /external:W1 /Gd /TC /errorReport:queue "D:\YimMenu\CMakeFiles\CMakeScratch\TryCompile-ykqcy1\CheckSymbolExists.c"
  CheckSymbolExists.c
D:\YimMenu\CMakeFiles\CMakeScratch\TryCompile-ykqcy1\CheckSymbolExists.c(31,31): error C2065: 'siginterrupt': identificador não declarado [D:\YimMenu\CMakeFiles\CMakeScratch\TryCompile-ykqcy1\cmTC_e8649.vcxproj]


File CheckSymbolExists.c:
/* */
#include <windows.h>
#include <ws2tcpip.h>
#include <winsock2.h>
#include <wincrypt.h>
#include <stdio.h>
#include <sys/stat.h>
#include <sys/types.h>
#include <sys/utime.h>
#include <assert.h>
#include <errno.h>
#include <fcntl.h>
#include <io.h>
#include <locale.h>
#include <setjmp.h>
#include <signal.h>
#include <stdbool.h>
#include <stdio.h>
#include <stdlib.h>
#include <string.h>
#include <time.h>
#include <process.h>
#include <stddef.h>
#include <malloc.h>
#include <memory.h>

int main(int argc, char** argv)
{
  (void)argv;
#ifndef siginterrupt
  return ((int*)(&siginterrupt))[argc];
#else
  (void)argc;
  return 0;
#endif
}

Determining if the pipe exist failed with the following output:
Change Dir: D:/YimMenu/CMakeFiles/CMakeScratch/TryCompile-o0y6mp

Run Build Command(s):C:/Program Files/Microsoft Visual Studio/2022/Community/MSBuild/Current/Bin/amd64/MSBuild.exe cmTC_648bd.vcxproj /p:Configuration=Debug /p:Platform=x64 /p:VisualStudioVersion=17.0 /v:m && MSBuild version 17.4.1+9a89d02ff for .NET Framework
  Microsoft (R) C/C++ Optimizing Compiler Versão 19.34.31937 para x64
  Copyright (C) Microsoft Corporation. Todos os direitos reservados.
  cl /c /Zi /W1 /WX- /diagnostics:column /Od /Ob0 /D _MBCS /D WIN32 /D _WINDOWS /D _WIN32_WINNT=0x0600 /D _WINSOCKAPI_= /D SECURITY_WIN32 /D "CMAKE_INTDIR=\"Debug\"" /Gm- /RTC1 /MDd /GS /fp:precise /Zc:wchar_t /Zc:forScope /Zc:inline /Fo"cmTC_648bd.dir\Debug\\" /Fd"cmTC_648bd.dir\Debug\vc143.pdb" /external:W1 /Gd /TC /errorReport:queue "D:\YimMenu\CMakeFiles\CMakeScratch\TryCompile-o0y6mp\CheckSymbolExists.c"
  CheckSymbolExists.c
D:\YimMenu\CMakeFiles\CMakeScratch\TryCompile-o0y6mp\CheckSymbolExists.c(31,23): error C2065: 'pipe': identificador não declarado [D:\YimMenu\CMakeFiles\CMakeScratch\TryCompile-o0y6mp\cmTC_648bd.vcxproj]


File CheckSymbolExists.c:
/* */
#include <windows.h>
#include <ws2tcpip.h>
#include <winsock2.h>
#include <wincrypt.h>
#include <stdio.h>
#include <sys/stat.h>
#include <sys/types.h>
#include <sys/utime.h>
#include <assert.h>
#include <errno.h>
#include <fcntl.h>
#include <io.h>
#include <locale.h>
#include <setjmp.h>
#include <signal.h>
#include <stdbool.h>
#include <stdio.h>
#include <stdlib.h>
#include <string.h>
#include <time.h>
#include <process.h>
#include <stddef.h>
#include <malloc.h>
#include <memory.h>

int main(int argc, char** argv)
{
  (void)argv;
#ifndef pipe
  return ((int*)(&pipe))[argc];
#else
  (void)argc;
  return 0;
#endif
}

Determining if the ftruncate exist failed with the following output:
Change Dir: D:/YimMenu/CMakeFiles/CMakeScratch/TryCompile-f1a95v

Run Build Command(s):C:/Program Files/Microsoft Visual Studio/2022/Community/MSBuild/Current/Bin/amd64/MSBuild.exe cmTC_aec5a.vcxproj /p:Configuration=Debug /p:Platform=x64 /p:VisualStudioVersion=17.0 /v:m && MSBuild version 17.4.1+9a89d02ff for .NET Framework
  Microsoft (R) C/C++ Optimizing Compiler Versão 19.34.31937 para x64
  Copyright (C) Microsoft Corporation. Todos os direitos reservados.
  cl /c /Zi /W1 /WX- /diagnostics:column /Od /Ob0 /D _MBCS /D WIN32 /D _WINDOWS /D _WIN32_WINNT=0x0600 /D _WINSOCKAPI_= /D SECURITY_WIN32 /D "CMAKE_INTDIR=\"Debug\"" /Gm- /RTC1 /MDd /GS /fp:precise /Zc:wchar_t /Zc:forScope /Zc:inline /Fo"cmTC_aec5a.dir\Debug\\" /Fd"cmTC_aec5a.dir\Debug\vc143.pdb" /external:W1 /Gd /TC /errorReport:queue "D:\YimMenu\CMakeFiles\CMakeScratch\TryCompile-f1a95v\CheckSymbolExists.c"
  CheckSymbolExists.c
D:\YimMenu\CMakeFiles\CMakeScratch\TryCompile-f1a95v\CheckSymbolExists.c(31,28): error C2065: 'ftruncate': identificador não declarado [D:\YimMenu\CMakeFiles\CMakeScratch\TryCompile-f1a95v\cmTC_aec5a.vcxproj]


File CheckSymbolExists.c:
/* */
#include <windows.h>
#include <ws2tcpip.h>
#include <winsock2.h>
#include <wincrypt.h>
#include <stdio.h>
#include <sys/stat.h>
#include <sys/types.h>
#include <sys/utime.h>
#include <assert.h>
#include <errno.h>
#include <fcntl.h>
#include <io.h>
#include <locale.h>
#include <setjmp.h>
#include <signal.h>
#include <stdbool.h>
#include <stdio.h>
#include <stdlib.h>
#include <string.h>
#include <time.h>
#include <process.h>
#include <stddef.h>
#include <malloc.h>
#include <memory.h>

int main(int argc, char** argv)
{
  (void)argv;
#ifndef ftruncate
  return ((int*)(&ftruncate))[argc];
#else
  (void)argc;
  return 0;
#endif
}

Determining if the if_nametoindex exist failed with the following output:
Change Dir: D:/YimMenu/CMakeFiles/CMakeScratch/TryCompile-xq02l1

Run Build Command(s):C:/Program Files/Microsoft Visual Studio/2022/Community/MSBuild/Current/Bin/amd64/MSBuild.exe cmTC_7469e.vcxproj /p:Configuration=Debug /p:Platform=x64 /p:VisualStudioVersion=17.0 /v:m && MSBuild version 17.4.1+9a89d02ff for .NET Framework
  Microsoft (R) C/C++ Optimizing Compiler Versão 19.34.31937 para x64
  Copyright (C) Microsoft Corporation. Todos os direitos reservados.
  cl /c /Zi /W1 /WX- /diagnostics:column /Od /Ob0 /D _MBCS /D WIN32 /D _WINDOWS /D _WIN32_WINNT=0x0600 /D _WINSOCKAPI_= /D SECURITY_WIN32 /D "CMAKE_INTDIR=\"Debug\"" /Gm- /RTC1 /MDd /GS /fp:precise /Zc:wchar_t /Zc:forScope /Zc:inline /Fo"cmTC_7469e.dir\Debug\\" /Fd"cmTC_7469e.dir\Debug\vc143.pdb" /external:W1 /Gd /TC /errorReport:queue "D:\YimMenu\CMakeFiles\CMakeScratch\TryCompile-xq02l1\CheckSymbolExists.c"
  CheckSymbolExists.c
D:\YimMenu\CMakeFiles\CMakeScratch\TryCompile-xq02l1\CheckSymbolExists.c(31,33): error C2065: 'if_nametoindex': identificador não declarado [D:\YimMenu\CMakeFiles\CMakeScratch\TryCompile-xq02l1\cmTC_7469e.vcxproj]


File CheckSymbolExists.c:
/* */
#include <windows.h>
#include <ws2tcpip.h>
#include <winsock2.h>
#include <wincrypt.h>
#include <stdio.h>
#include <sys/stat.h>
#include <sys/types.h>
#include <sys/utime.h>
#include <assert.h>
#include <errno.h>
#include <fcntl.h>
#include <io.h>
#include <locale.h>
#include <setjmp.h>
#include <signal.h>
#include <stdbool.h>
#include <stdio.h>
#include <stdlib.h>
#include <string.h>
#include <time.h>
#include <process.h>
#include <stddef.h>
#include <malloc.h>
#include <memory.h>

int main(int argc, char** argv)
{
  (void)argv;
#ifndef if_nametoindex
  return ((int*)(&if_nametoindex))[argc];
#else
  (void)argc;
  return 0;
#endif
}

Determining if the getrlimit exist failed with the following output:
Change Dir: D:/YimMenu/CMakeFiles/CMakeScratch/TryCompile-t20lg9

Run Build Command(s):C:/Program Files/Microsoft Visual Studio/2022/Community/MSBuild/Current/Bin/amd64/MSBuild.exe cmTC_feb47.vcxproj /p:Configuration=Debug /p:Platform=x64 /p:VisualStudioVersion=17.0 /v:m && MSBuild version 17.4.1+9a89d02ff for .NET Framework
  Microsoft (R) C/C++ Optimizing Compiler Versão 19.34.31937 para x64
  Copyright (C) Microsoft Corporation. Todos os direitos reservados.
  cl /c /Zi /W1 /WX- /diagnostics:column /Od /Ob0 /D _MBCS /D WIN32 /D _WINDOWS /D _WIN32_WINNT=0x0600 /D _WINSOCKAPI_= /D SECURITY_WIN32 /D "CMAKE_INTDIR=\"Debug\"" /Gm- /RTC1 /MDd /GS /fp:precise /Zc:wchar_t /Zc:forScope /Zc:inline /Fo"cmTC_feb47.dir\Debug\\" /Fd"cmTC_feb47.dir\Debug\vc143.pdb" /external:W1 /Gd /TC /errorReport:queue "D:\YimMenu\CMakeFiles\CMakeScratch\TryCompile-t20lg9\CheckSymbolExists.c"
  CheckSymbolExists.c
D:\YimMenu\CMakeFiles\CMakeScratch\TryCompile-t20lg9\CheckSymbolExists.c(31,28): error C2065: 'getrlimit': identificador não declarado [D:\YimMenu\CMakeFiles\CMakeScratch\TryCompile-t20lg9\cmTC_feb47.vcxproj]


File CheckSymbolExists.c:
/* */
#include <windows.h>
#include <ws2tcpip.h>
#include <winsock2.h>
#include <wincrypt.h>
#include <stdio.h>
#include <sys/stat.h>
#include <sys/types.h>
#include <sys/utime.h>
#include <assert.h>
#include <errno.h>
#include <fcntl.h>
#include <io.h>
#include <locale.h>
#include <setjmp.h>
#include <signal.h>
#include <stdbool.h>
#include <stdio.h>
#include <stdlib.h>
#include <string.h>
#include <time.h>
#include <process.h>
#include <stddef.h>
#include <malloc.h>
#include <memory.h>

int main(int argc, char** argv)
{
  (void)argv;
#ifndef getrlimit
  return ((int*)(&getrlimit))[argc];
#else
  (void)argc;
  return 0;
#endif
}

Determining if the setrlimit exist failed with the following output:
Change Dir: D:/YimMenu/CMakeFiles/CMakeScratch/TryCompile-dimz7d

Run Build Command(s):C:/Program Files/Microsoft Visual Studio/2022/Community/MSBuild/Current/Bin/amd64/MSBuild.exe cmTC_fd8bb.vcxproj /p:Configuration=Debug /p:Platform=x64 /p:VisualStudioVersion=17.0 /v:m && MSBuild version 17.4.1+9a89d02ff for .NET Framework
  Microsoft (R) C/C++ Optimizing Compiler Versão 19.34.31937 para x64
  Copyright (C) Microsoft Corporation. Todos os direitos reservados.
  cl /c /Zi /W1 /WX- /diagnostics:column /Od /Ob0 /D _MBCS /D WIN32 /D _WINDOWS /D _WIN32_WINNT=0x0600 /D _WINSOCKAPI_= /D SECURITY_WIN32 /D "CMAKE_INTDIR=\"Debug\"" /Gm- /RTC1 /MDd /GS /fp:precise /Zc:wchar_t /Zc:forScope /Zc:inline /Fo"cmTC_fd8bb.dir\Debug\\" /Fd"cmTC_fd8bb.dir\Debug\vc143.pdb" /external:W1 /Gd /TC /errorReport:queue "D:\YimMenu\CMakeFiles\CMakeScratch\TryCompile-dimz7d\CheckSymbolExists.c"
  CheckSymbolExists.c
D:\YimMenu\CMakeFiles\CMakeScratch\TryCompile-dimz7d\CheckSymbolExists.c(31,28): error C2065: 'setrlimit': identificador não declarado [D:\YimMenu\CMakeFiles\CMakeScratch\TryCompile-dimz7d\cmTC_fd8bb.vcxproj]


File CheckSymbolExists.c:
/* */
#include <windows.h>
#include <ws2tcpip.h>
#include <winsock2.h>
#include <wincrypt.h>
#include <stdio.h>
#include <sys/stat.h>
#include <sys/types.h>
#include <sys/utime.h>
#include <assert.h>
#include <errno.h>
#include <fcntl.h>
#include <io.h>
#include <locale.h>
#include <setjmp.h>
#include <signal.h>
#include <stdbool.h>
#include <stdio.h>
#include <stdlib.h>
#include <string.h>
#include <time.h>
#include <process.h>
#include <stddef.h>
#include <malloc.h>
#include <memory.h>

int main(int argc, char** argv)
{
  (void)argv;
#ifndef setrlimit
  return ((int*)(&setrlimit))[argc];
#else
  (void)argc;
  return 0;
#endif
}

Determining if the fcntl exist failed with the following output:
Change Dir: D:/YimMenu/CMakeFiles/CMakeScratch/TryCompile-nomndp

Run Build Command(s):C:/Program Files/Microsoft Visual Studio/2022/Community/MSBuild/Current/Bin/amd64/MSBuild.exe cmTC_bb914.vcxproj /p:Configuration=Debug /p:Platform=x64 /p:VisualStudioVersion=17.0 /v:m && MSBuild version 17.4.1+9a89d02ff for .NET Framework
  Microsoft (R) C/C++ Optimizing Compiler Versão 19.34.31937 para x64
  Copyright (C) Microsoft Corporation. Todos os direitos reservados.
  cl /c /Zi /W1 /WX- /diagnostics:column /Od /Ob0 /D _MBCS /D WIN32 /D _WINDOWS /D _WIN32_WINNT=0x0600 /D _WINSOCKAPI_= /D SECURITY_WIN32 /D "CMAKE_INTDIR=\"Debug\"" /Gm- /RTC1 /MDd /GS /fp:precise /Zc:wchar_t /Zc:forScope /Zc:inline /Fo"cmTC_bb914.dir\Debug\\" /Fd"cmTC_bb914.dir\Debug\vc143.pdb" /external:W1 /Gd /TC /errorReport:queue "D:\YimMenu\CMakeFiles\CMakeScratch\TryCompile-nomndp\CheckSymbolExists.c"
  CheckSymbolExists.c
D:\YimMenu\CMakeFiles\CMakeScratch\TryCompile-nomndp\CheckSymbolExists.c(31,24): error C2065: 'fcntl': identificador não declarado [D:\YimMenu\CMakeFiles\CMakeScratch\TryCompile-nomndp\cmTC_bb914.vcxproj]


File CheckSymbolExists.c:
/* */
#include <windows.h>
#include <ws2tcpip.h>
#include <winsock2.h>
#include <wincrypt.h>
#include <stdio.h>
#include <sys/stat.h>
#include <sys/types.h>
#include <sys/utime.h>
#include <assert.h>
#include <errno.h>
#include <fcntl.h>
#include <io.h>
#include <locale.h>
#include <setjmp.h>
#include <signal.h>
#include <stdbool.h>
#include <stdio.h>
#include <stdlib.h>
#include <string.h>
#include <time.h>
#include <process.h>
#include <stddef.h>
#include <malloc.h>
#include <memory.h>

int main(int argc, char** argv)
{
  (void)argv;
#ifndef fcntl
  return ((int*)(&fcntl))[argc];
#else
  (void)argc;
  return 0;
#endif
}

Determining if the ioctl exist failed with the following output:
Change Dir: D:/YimMenu/CMakeFiles/CMakeScratch/TryCompile-qlswjo

Run Build Command(s):C:/Program Files/Microsoft Visual Studio/2022/Community/MSBuild/Current/Bin/amd64/MSBuild.exe cmTC_54b41.vcxproj /p:Configuration=Debug /p:Platform=x64 /p:VisualStudioVersion=17.0 /v:m && MSBuild version 17.4.1+9a89d02ff for .NET Framework
  Microsoft (R) C/C++ Optimizing Compiler Versão 19.34.31937 para x64
  Copyright (C) Microsoft Corporation. Todos os direitos reservados.
  cl /c /Zi /W1 /WX- /diagnostics:column /Od /Ob0 /D _MBCS /D WIN32 /D _WINDOWS /D _WIN32_WINNT=0x0600 /D _WINSOCKAPI_= /D SECURITY_WIN32 /D "CMAKE_INTDIR=\"Debug\"" /Gm- /RTC1 /MDd /GS /fp:precise /Zc:wchar_t /Zc:forScope /Zc:inline /Fo"cmTC_54b41.dir\Debug\\" /Fd"cmTC_54b41.dir\Debug\vc143.pdb" /external:W1 /Gd /TC /errorReport:queue "D:\YimMenu\CMakeFiles\CMakeScratch\TryCompile-qlswjo\CheckSymbolExists.c"
  CheckSymbolExists.c
D:\YimMenu\CMakeFiles\CMakeScratch\TryCompile-qlswjo\CheckSymbolExists.c(31,24): error C2065: 'ioctl': identificador não declarado [D:\YimMenu\CMakeFiles\CMakeScratch\TryCompile-qlswjo\cmTC_54b41.vcxproj]


File CheckSymbolExists.c:
/* */
#include <windows.h>
#include <ws2tcpip.h>
#include <winsock2.h>
#include <wincrypt.h>
#include <stdio.h>
#include <sys/stat.h>
#include <sys/types.h>
#include <sys/utime.h>
#include <assert.h>
#include <errno.h>
#include <fcntl.h>
#include <io.h>
#include <locale.h>
#include <setjmp.h>
#include <signal.h>
#include <stdbool.h>
#include <stdio.h>
#include <stdlib.h>
#include <string.h>
#include <time.h>
#include <process.h>
#include <stddef.h>
#include <malloc.h>
#include <memory.h>

int main(int argc, char** argv)
{
  (void)argv;
#ifndef ioctl
  return ((int*)(&ioctl))[argc];
#else
  (void)argc;
  return 0;
#endif
}

Determining if the function mach_absolute_time exists failed with the following output:
Change Dir: D:/YimMenu/CMakeFiles/CMakeScratch/TryCompile-vbc4vq

Run Build Command(s):C:/Program Files/Microsoft Visual Studio/2022/Community/MSBuild/Current/Bin/amd64/MSBuild.exe cmTC_f8d8b.vcxproj /p:Configuration=Debug /p:Platform=x64 /p:VisualStudioVersion=17.0 /v:m && MSBuild version 17.4.1+9a89d02ff for .NET Framework
  Microsoft (R) C/C++ Optimizing Compiler Versão 19.34.31937 para x64
  Copyright (C) Microsoft Corporation. Todos os direitos reservados.
  cl /c /Zi /W1 /WX- /diagnostics:column /Od /Ob0 /D _MBCS /D WIN32 /D _WINDOWS /D CHECK_FUNCTION_EXISTS=mach_absolute_time /D _WIN32_WINNT=0x0600 /D _WINSOCKAPI_= /D SECURITY_WIN32 /D "CMAKE_INTDIR=\"Debug\"" /Gm- /RTC1 /MDd /GS /fp:precise /Zc:wchar_t /Zc:forScope /Zc:inline /Fo"cmTC_f8d8b.dir\Debug\\" /Fd"cmTC_f8d8b.dir\Debug\vc143.pdb" /external:W1 /Gd /TC /errorReport:queue "D:\YimMenu\CMakeFiles\CMakeScratch\TryCompile-vbc4vq\CheckFunctionExists.c"
  CheckFunctionExists.c
CheckFunctionExists.obj : error LNK2019: símbolo externo não resolvido, mach_absolute_time, referenciado na função main [D:\YimMenu\CMakeFiles\CMakeScratch\TryCompile-vbc4vq\cmTC_f8d8b.vcxproj]
D:\YimMenu\CMakeFiles\CMakeScratch\TryCompile-vbc4vq\Debug\cmTC_f8d8b.exe : fatal error LNK1120: 1 externo não resolvidos [D:\YimMenu\CMakeFiles\CMakeScratch\TryCompile-vbc4vq\cmTC_f8d8b.vcxproj]



Determining if the fsetxattr exist failed with the following output:
Change Dir: D:/YimMenu/CMakeFiles/CMakeScratch/TryCompile-7d6tc6

Run Build Command(s):C:/Program Files/Microsoft Visual Studio/2022/Community/MSBuild/Current/Bin/amd64/MSBuild.exe cmTC_66598.vcxproj /p:Configuration=Debug /p:Platform=x64 /p:VisualStudioVersion=17.0 /v:m && MSBuild version 17.4.1+9a89d02ff for .NET Framework
  Microsoft (R) C/C++ Optimizing Compiler Versão 19.34.31937 para x64
  Copyright (C) Microsoft Corporation. Todos os direitos reservados.
  cl /c /Zi /W1 /WX- /diagnostics:column /Od /Ob0 /D _MBCS /D WIN32 /D _WINDOWS /D _WIN32_WINNT=0x0600 /D _WINSOCKAPI_= /D SECURITY_WIN32 /D "CMAKE_INTDIR=\"Debug\"" /Gm- /RTC1 /MDd /GS /fp:precise /Zc:wchar_t /Zc:forScope /Zc:inline /Fo"cmTC_66598.dir\Debug\\" /Fd"cmTC_66598.dir\Debug\vc143.pdb" /external:W1 /Gd /TC /errorReport:queue "D:\YimMenu\CMakeFiles\CMakeScratch\TryCompile-7d6tc6\CheckSymbolExists.c"
  CheckSymbolExists.c
D:\YimMenu\CMakeFiles\CMakeScratch\TryCompile-7d6tc6\CheckSymbolExists.c(31,28): error C2065: 'fsetxattr': identificador não declarado [D:\YimMenu\CMakeFiles\CMakeScratch\TryCompile-7d6tc6\cmTC_66598.vcxproj]


File CheckSymbolExists.c:
/* */
#include <windows.h>
#include <ws2tcpip.h>
#include <winsock2.h>
#include <wincrypt.h>
#include <stdio.h>
#include <sys/stat.h>
#include <sys/types.h>
#include <sys/utime.h>
#include <assert.h>
#include <errno.h>
#include <fcntl.h>
#include <io.h>
#include <locale.h>
#include <setjmp.h>
#include <signal.h>
#include <stdbool.h>
#include <stdio.h>
#include <stdlib.h>
#include <string.h>
#include <time.h>
#include <process.h>
#include <stddef.h>
#include <malloc.h>
#include <memory.h>

int main(int argc, char** argv)
{
  (void)argv;
#ifndef fsetxattr
  return ((int*)(&fsetxattr))[argc];
#else
  (void)argc;
  return 0;
#endif
}

Determining size of sa_family_t failed with the following output:
Change Dir: D:/YimMenu/CMakeFiles/CMakeScratch/TryCompile-tnpci6

Run Build Command(s):C:/Program Files/Microsoft Visual Studio/2022/Community/MSBuild/Current/Bin/amd64/MSBuild.exe cmTC_f318e.vcxproj /p:Configuration=Debug /p:Platform=x64 /p:VisualStudioVersion=17.0 /v:m && MSBuild version 17.4.1+9a89d02ff for .NET Framework
  Microsoft (R) C/C++ Optimizing Compiler Versão 19.34.31937 para x64
  Copyright (C) Microsoft Corporation. Todos os direitos reservados.
  cl /c /Zi /W1 /WX- /diagnostics:column /Od /Ob0 /D _MBCS /D WIN32 /D _WINDOWS /D _WIN32_WINNT=0x0600 /D _WINSOCKAPI_= /D SECURITY_WIN32 /D "CMAKE_INTDIR=\"Debug\"" /Gm- /RTC1 /MDd /GS /fp:precise /Zc:wchar_t /Zc:forScope /Zc:inline /Fo"cmTC_f318e.dir\Debug\\" /Fd"cmTC_f318e.dir\Debug\vc143.pdb" /external:W1 /Gd /TC /errorReport:queue "D:\YimMenu\CMakeFiles\CMakeScratch\TryCompile-tnpci6\SIZEOF_SA_FAMILY_T.c"
  SIZEOF_SA_FAMILY_T.c
D:\YimMenu\CMakeFiles\CMakeScratch\TryCompile-tnpci6\SIZEOF_SA_FAMILY_T.c(3,10): fatal  error C1083: Não é possível abrir arquivo incluir: 'sys/socket.h': No such file or directory [D:\YimMenu\CMakeFiles\CMakeScratch\TryCompile-tnpci6\cmTC_f318e.vcxproj]


SIZEOF_SA_FAMILY_T.c:
#include <sys/types.h>
#include <stddef.h>
#include "sys/socket.h"


#undef KEY
#if defined(__i386)
# define KEY '_','_','i','3','8','6'
#elif defined(__x86_64)
# define KEY '_','_','x','8','6','_','6','4'
#elif defined(__PPC64__)
# define KEY '_','_','P','P','C','6','4','_','_'
#elif defined(__ppc64__)
# define KEY '_','_','p','p','c','6','4','_','_'
#elif defined(__PPC__)
# define KEY '_','_','P','P','C','_','_'
#elif defined(__ppc__)
# define KEY '_','_','p','p','c','_','_'
#elif defined(__aarch64__)
# define KEY '_','_','a','a','r','c','h','6','4','_','_'
#elif defined(__ARM_ARCH_7A__)
# define KEY '_','_','A','R','M','_','A','R','C','H','_','7','A','_','_'
#elif defined(__ARM_ARCH_7S__)
# define KEY '_','_','A','R','M','_','A','R','C','H','_','7','S','_','_'
#endif

#define SIZE (sizeof(sa_family_t))
static char info_size[] =  {'I', 'N', 'F', 'O', ':', 's','i','z','e','[',
  ('0' + ((SIZE / 10000)%10)),
  ('0' + ((SIZE / 1000)%10)),
  ('0' + ((SIZE / 100)%10)),
  ('0' + ((SIZE / 10)%10)),
  ('0' +  (SIZE    % 10)),
  ']',
#ifdef KEY
  ' ','k','e','y','[', KEY, ']',
#endif
  '\0'};

#ifdef __CLASSIC_C__
int main(argc, argv) int argc; char *argv[];
#else
int main(int argc, char *argv[])
#endif
{
  int require = 0;
  require += info_size[argc];
  (void)argv;
  return require;
}


Determining size of ADDRESS_FAMILY failed with the following output:
Change Dir: D:/YimMenu/CMakeFiles/CMakeScratch/TryCompile-f7l014

Run Build Command(s):C:/Program Files/Microsoft Visual Studio/2022/Community/MSBuild/Current/Bin/amd64/MSBuild.exe cmTC_86218.vcxproj /p:Configuration=Debug /p:Platform=x64 /p:VisualStudioVersion=17.0 /v:m && MSBuild version 17.4.1+9a89d02ff for .NET Framework
  Microsoft (R) C/C++ Optimizing Compiler Versão 19.34.31937 para x64
  Copyright (C) Microsoft Corporation. Todos os direitos reservados.
  cl /c /Zi /W1 /WX- /diagnostics:column /Od /Ob0 /D _MBCS /D WIN32 /D _WINDOWS /D _WIN32_WINNT=0x0600 /D _WINSOCKAPI_= /D SECURITY_WIN32 /D "CMAKE_INTDIR=\"Debug\"" /Gm- /RTC1 /MDd /GS /fp:precise /Zc:wchar_t /Zc:forScope /Zc:inline /Fo"cmTC_86218.dir\Debug\\" /Fd"cmTC_86218.dir\Debug\vc143.pdb" /external:W1 /Gd /TC /errorReport:queue "D:\YimMenu\CMakeFiles\CMakeScratch\TryCompile-f7l014\SIZEOF_ADDRESS_FAMILY.c"
  SIZEOF_ADDRESS_FAMILY.c
C:\Program Files (x86)\Windows Kits\10\Include\10.0.22000.0\shared\ws2def.h(47,1): fatal  error C1189: #error:  Do not include winsock.h and ws2def.h in the same module. Instead include only winsock2.h. [D:\YimMenu\CMakeFiles\CMakeScratch\TryCompile-f7l014\cmTC_86218.vcxproj]


SIZEOF_ADDRESS_FAMILY.c:
#include <sys/types.h>
#include <stddef.h>
#include "ws2def.h"


#undef KEY
#if defined(__i386)
# define KEY '_','_','i','3','8','6'
#elif defined(__x86_64)
# define KEY '_','_','x','8','6','_','6','4'
#elif defined(__PPC64__)
# define KEY '_','_','P','P','C','6','4','_','_'
#elif defined(__ppc64__)
# define KEY '_','_','p','p','c','6','4','_','_'
#elif defined(__PPC__)
# define KEY '_','_','P','P','C','_','_'
#elif defined(__ppc__)
# define KEY '_','_','p','p','c','_','_'
#elif defined(__aarch64__)
# define KEY '_','_','a','a','r','c','h','6','4','_','_'
#elif defined(__ARM_ARCH_7A__)
# define KEY '_','_','A','R','M','_','A','R','C','H','_','7','A','_','_'
#elif defined(__ARM_ARCH_7S__)
# define KEY '_','_','A','R','M','_','A','R','C','H','_','7','S','_','_'
#endif

#define SIZE (sizeof(ADDRESS_FAMILY))
static char info_size[] =  {'I', 'N', 'F', 'O', ':', 's','i','z','e','[',
  ('0' + ((SIZE / 10000)%10)),
  ('0' + ((SIZE / 1000)%10)),
  ('0' + ((SIZE / 100)%10)),
  ('0' + ((SIZE / 10)%10)),
  ('0' +  (SIZE    % 10)),
  ']',
#ifdef KEY
  ' ','k','e','y','[', KEY, ']',
#endif
  '\0'};

#ifdef __CLASSIC_C__
int main(argc, argv) int argc; char *argv[];
#else
int main(int argc, char *argv[])
#endif
{
  int require = 0;
  require += info_size[argc];
  (void)argv;
  return require;
}


Performing Curl Test HAVE_FCNTL_O_NONBLOCK failed with the following output:
Change Dir: D:/YimMenu/CMakeFiles/CMakeTmp

Run Build Command(s):C:/Program Files/Microsoft Visual Studio/2022/Community/MSBuild/Current/Bin/amd64/MSBuild.exe cmTC_ab29b.vcxproj /p:Configuration=Debug /p:Platform=x64 /p:VisualStudioVersion=17.0 /v:m && MSBuild version 17.4.1+9a89d02ff for .NET Framework
  Microsoft (R) C/C++ Optimizing Compiler Versão 19.34.31937 para x64
  Copyright (C) Microsoft Corporation. Todos os direitos reservados.
  cl /c /Zi /W1 /WX- /diagnostics:column /Od /Ob0 /D _MBCS /D WIN32 /D _WINDOWS /D HAVE_FCNTL_O_NONBLOCK /D HAVE_WINDOWS_H /D HAVE_WS2TCPIP_H /D HAVE_WINSOCK2_H /D HAVE_WINCRYPT_H /D HAVE_STDIO_H /D HAVE_SYS_STAT_H /D HAVE_SYS_TYPES_H /D HAVE_SYS_UTIME_H /D HAVE_ASSERT_H /D HAVE_ERRNO_H /D HAVE_FCNTL_H /D HAVE_IO_H /D HAVE_LOCALE_H /D HAVE_SETJMP_H /D HAVE_SIGNAL_H /D HAVE_STDBOOL_H /D HAVE_STDLIB_H /D HAVE_STRING_H /D HAVE_TIME_H /D HAVE_PROCESS_H /D HAVE_STDDEF_H /D HAVE_MALLOC_H /D HAVE_MEMORY_H /D "CMAKE_INTDIR=\"Debug\"" /Gm- /RTC1 /MDd /GS /fp:precise /Zc:wchar_t /Zc:forScope /Zc:inline /Fo"cmTC_ab29b.dir\Debug\\" /Fd"cmTC_ab29b.dir\Debug\vc143.pdb" /external:W1 /Gd /TC /errorReport:queue "D:\YimMenu\_deps\curl-src\CMake\CurlTests.c"
  CurlTests.c
D:\YimMenu\_deps\curl-src\CMake\CurlTests.c(44,10): fatal  error C1083: Não é possível abrir arquivo incluir: 'unistd.h': No such file or directory [D:\YimMenu\CMakeFiles\CMakeTmp\cmTC_ab29b.vcxproj]


Performing Curl Test HAVE_IOCTLSOCKET_CAMEL failed with the following output:
Change Dir: D:/YimMenu/CMakeFiles/CMakeTmp

Run Build Command(s):C:/Program Files/Microsoft Visual Studio/2022/Community/MSBuild/Current/Bin/amd64/MSBuild.exe cmTC_7acf7.vcxproj /p:Configuration=Debug /p:Platform=x64 /p:VisualStudioVersion=17.0 /v:m && MSBuild version 17.4.1+9a89d02ff for .NET Framework
  Microsoft (R) C/C++ Optimizing Compiler Versão 19.34.31937 para x64
  Copyright (C) Microsoft Corporation. Todos os direitos reservados.
  cl /c /Zi /W1 /WX- /diagnostics:column /Od /Ob0 /D _MBCS /D WIN32 /D _WINDOWS /D HAVE_IOCTLSOCKET_CAMEL /D HAVE_WINDOWS_H /D HAVE_WS2TCPIP_H /D HAVE_WINSOCK2_H /D HAVE_WINCRYPT_H /D HAVE_STDIO_H /D HAVE_SYS_STAT_H /D HAVE_SYS_TYPES_H /D HAVE_SYS_UTIME_H /D HAVE_ASSERT_H /D HAVE_ERRNO_H /D HAVE_FCNTL_H /D HAVE_IO_H /D HAVE_LOCALE_H /D HAVE_SETJMP_H /D HAVE_SIGNAL_H /D HAVE_STDBOOL_H /D HAVE_STDLIB_H /D HAVE_STRING_H /D HAVE_TIME_H /D HAVE_PROCESS_H /D HAVE_STDDEF_H /D HAVE_MALLOC_H /D HAVE_MEMORY_H /D "CMAKE_INTDIR=\"Debug\"" /Gm- /RTC1 /MDd /GS /fp:precise /Zc:wchar_t /Zc:forScope /Zc:inline /Fo"cmTC_7acf7.dir\Debug\\" /Fd"cmTC_7acf7.dir\Debug\vc143.pdb" /external:W1 /Gd /TC /errorReport:queue "D:\YimMenu\_deps\curl-src\CMake\CurlTests.c"
  CurlTests.c
CurlTests.obj : error LNK2019: símbolo externo não resolvido, IoctlSocket, referenciado na função main [D:\YimMenu\CMakeFiles\CMakeTmp\cmTC_7acf7.vcxproj]
D:\YimMenu\CMakeFiles\CMakeTmp\Debug\cmTC_7acf7.exe : fatal error LNK1120: 1 externo não resolvidos [D:\YimMenu\CMakeFiles\CMakeTmp\cmTC_7acf7.vcxproj]


Performing Curl Test HAVE_IOCTLSOCKET_CAMEL_FIONBIO failed with the following output:
Change Dir: D:/YimMenu/CMakeFiles/CMakeTmp

Run Build Command(s):C:/Program Files/Microsoft Visual Studio/2022/Community/MSBuild/Current/Bin/amd64/MSBuild.exe cmTC_24828.vcxproj /p:Configuration=Debug /p:Platform=x64 /p:VisualStudioVersion=17.0 /v:m && MSBuild version 17.4.1+9a89d02ff for .NET Framework
  Microsoft (R) C/C++ Optimizing Compiler Versão 19.34.31937 para x64
  Copyright (C) Microsoft Corporation. Todos os direitos reservados.
  cl /c /Zi /W1 /WX- /diagnostics:column /Od /Ob0 /D _MBCS /D WIN32 /D _WINDOWS /D HAVE_IOCTLSOCKET_CAMEL_FIONBIO /D HAVE_WINDOWS_H /D HAVE_WS2TCPIP_H /D HAVE_WINSOCK2_H /D HAVE_WINCRYPT_H /D HAVE_STDIO_H /D HAVE_SYS_STAT_H /D HAVE_SYS_TYPES_H /D HAVE_SYS_UTIME_H /D HAVE_ASSERT_H /D HAVE_ERRNO_H /D HAVE_FCNTL_H /D HAVE_IO_H /D HAVE_LOCALE_H /D HAVE_SETJMP_H /D HAVE_SIGNAL_H /D HAVE_STDBOOL_H /D HAVE_STDLIB_H /D HAVE_STRING_H /D HAVE_TIME_H /D HAVE_PROCESS_H /D HAVE_STDDEF_H /D HAVE_MALLOC_H /D HAVE_MEMORY_H /D "CMAKE_INTDIR=\"Debug\"" /Gm- /RTC1 /MDd /GS /fp:precise /Zc:wchar_t /Zc:forScope /Zc:inline /Fo"cmTC_24828.dir\Debug\\" /Fd"cmTC_24828.dir\Debug\vc143.pdb" /external:W1 /Gd /TC /errorReport:queue "D:\YimMenu\_deps\curl-src\CMake\CurlTests.c"
  CurlTests.c
CurlTests.obj : error LNK2019: símbolo externo não resolvido, IoctlSocket, referenciado na função main [D:\YimMenu\CMakeFiles\CMakeTmp\cmTC_24828.vcxproj]
D:\YimMenu\CMakeFiles\CMakeTmp\Debug\cmTC_24828.exe : fatal error LNK1120: 1 externo não resolvidos [D:\YimMenu\CMakeFiles\CMakeTmp\cmTC_24828.vcxproj]


Performing Curl Test HAVE_IOCTL_FIONBIO failed with the following output:
Change Dir: D:/YimMenu/CMakeFiles/CMakeTmp

Run Build Command(s):C:/Program Files/Microsoft Visual Studio/2022/Community/MSBuild/Current/Bin/amd64/MSBuild.exe cmTC_8a1ed.vcxproj /p:Configuration=Debug /p:Platform=x64 /p:VisualStudioVersion=17.0 /v:m && MSBuild version 17.4.1+9a89d02ff for .NET Framework
  Microsoft (R) C/C++ Optimizing Compiler Versão 19.34.31937 para x64
  Copyright (C) Microsoft Corporation. Todos os direitos reservados.
  cl /c /Zi /W1 /WX- /diagnostics:column /Od /Ob0 /D _MBCS /D WIN32 /D _WINDOWS /D HAVE_IOCTL_FIONBIO /D HAVE_WINDOWS_H /D HAVE_WS2TCPIP_H /D HAVE_WINSOCK2_H /D HAVE_WINCRYPT_H /D HAVE_STDIO_H /D HAVE_SYS_STAT_H /D HAVE_SYS_TYPES_H /D HAVE_SYS_UTIME_H /D HAVE_ASSERT_H /D HAVE_ERRNO_H /D HAVE_FCNTL_H /D HAVE_IO_H /D HAVE_LOCALE_H /D HAVE_SETJMP_H /D HAVE_SIGNAL_H /D HAVE_STDBOOL_H /D HAVE_STDLIB_H /D HAVE_STRING_H /D HAVE_TIME_H /D HAVE_PROCESS_H /D HAVE_STDDEF_H /D HAVE_MALLOC_H /D HAVE_MEMORY_H /D "CMAKE_INTDIR=\"Debug\"" /Gm- /RTC1 /MDd /GS /fp:precise /Zc:wchar_t /Zc:forScope /Zc:inline /Fo"cmTC_8a1ed.dir\Debug\\" /Fd"cmTC_8a1ed.dir\Debug\vc143.pdb" /external:W1 /Gd /TC /errorReport:queue "D:\YimMenu\_deps\curl-src\CMake\CurlTests.c"
  CurlTests.c
D:\YimMenu\_deps\curl-src\CMake\CurlTests.c(343,33): error C2065: 'FIONBIO': identificador não declarado [D:\YimMenu\CMakeFiles\CMakeTmp\cmTC_8a1ed.vcxproj]


Performing Curl Test HAVE_IOCTL_SIOCGIFADDR failed with the following output:
Change Dir: D:/YimMenu/CMakeFiles/CMakeTmp

Run Build Command(s):C:/Program Files/Microsoft Visual Studio/2022/Community/MSBuild/Current/Bin/amd64/MSBuild.exe cmTC_36f7e.vcxproj /p:Configuration=Debug /p:Platform=x64 /p:VisualStudioVersion=17.0 /v:m && MSBuild version 17.4.1+9a89d02ff for .NET Framework
  Microsoft (R) C/C++ Optimizing Compiler Versão 19.34.31937 para x64
  Copyright (C) Microsoft Corporation. Todos os direitos reservados.
  cl /c /Zi /W1 /WX- /diagnostics:column /Od /Ob0 /D _MBCS /D WIN32 /D _WINDOWS /D HAVE_IOCTL_SIOCGIFADDR /D HAVE_WINDOWS_H /D HAVE_WS2TCPIP_H /D HAVE_WINSOCK2_H /D HAVE_WINCRYPT_H /D HAVE_STDIO_H /D HAVE_SYS_STAT_H /D HAVE_SYS_TYPES_H /D HAVE_SYS_UTIME_H /D HAVE_ASSERT_H /D HAVE_ERRNO_H /D HAVE_FCNTL_H /D HAVE_IO_H /D HAVE_LOCALE_H /D HAVE_SETJMP_H /D HAVE_SIGNAL_H /D HAVE_STDBOOL_H /D HAVE_STDLIB_H /D HAVE_STRING_H /D HAVE_TIME_H /D HAVE_PROCESS_H /D HAVE_STDDEF_H /D HAVE_MALLOC_H /D HAVE_MEMORY_H /D "CMAKE_INTDIR=\"Debug\"" /Gm- /RTC1 /MDd /GS /fp:precise /Zc:wchar_t /Zc:forScope /Zc:inline /Fo"cmTC_36f7e.dir\Debug\\" /Fd"cmTC_36f7e.dir\Debug\vc143.pdb" /external:W1 /Gd /TC /errorReport:queue "D:\YimMenu\_deps\curl-src\CMake\CurlTests.c"
  CurlTests.c
D:\YimMenu\_deps\curl-src\CMake\CurlTests.c(368,10): fatal  error C1083: Não é possível abrir arquivo incluir: 'net/if.h': No such file or directory [D:\YimMenu\CMakeFiles\CMakeTmp\cmTC_36f7e.vcxproj]


Performing Curl Test HAVE_SETSOCKOPT_SO_NONBLOCK failed with the following output:
Change Dir: D:/YimMenu/CMakeFiles/CMakeTmp

Run Build Command(s):C:/Program Files/Microsoft Visual Studio/2022/Community/MSBuild/Current/Bin/amd64/MSBuild.exe cmTC_5a9e9.vcxproj /p:Configuration=Debug /p:Platform=x64 /p:VisualStudioVersion=17.0 /v:m && MSBuild version 17.4.1+9a89d02ff for .NET Framework
  Microsoft (R) C/C++ Optimizing Compiler Versão 19.34.31937 para x64
  Copyright (C) Microsoft Corporation. Todos os direitos reservados.
  cl /c /Zi /W1 /WX- /diagnostics:column /Od /Ob0 /D _MBCS /D WIN32 /D _WINDOWS /D HAVE_SETSOCKOPT_SO_NONBLOCK /D HAVE_WINDOWS_H /D HAVE_WS2TCPIP_H /D HAVE_WINSOCK2_H /D HAVE_WINCRYPT_H /D HAVE_STDIO_H /D HAVE_SYS_STAT_H /D HAVE_SYS_TYPES_H /D HAVE_SYS_UTIME_H /D HAVE_ASSERT_H /D HAVE_ERRNO_H /D HAVE_FCNTL_H /D HAVE_IO_H /D HAVE_LOCALE_H /D HAVE_SETJMP_H /D HAVE_SIGNAL_H /D HAVE_STDBOOL_H /D HAVE_STDLIB_H /D HAVE_STRING_H /D HAVE_TIME_H /D HAVE_PROCESS_H /D HAVE_STDDEF_H /D HAVE_MALLOC_H /D HAVE_MEMORY_H /D "CMAKE_INTDIR=\"Debug\"" /Gm- /RTC1 /MDd /GS /fp:precise /Zc:wchar_t /Zc:forScope /Zc:inline /Fo"cmTC_5a9e9.dir\Debug\\" /Fd"cmTC_5a9e9.dir\Debug\vc143.pdb" /external:W1 /Gd /TC /errorReport:queue "D:\YimMenu\_deps\curl-src\CMake\CurlTests.c"
  CurlTests.c
D:\YimMenu\_deps\curl-src\CMake\CurlTests.c(404,54): error C2065: 'SO_NONBLOCK': identificador não declarado [D:\YimMenu\CMakeFiles\CMakeTmp\cmTC_5a9e9.vcxproj]


Performing Curl Test HAVE_SOCKADDR_IN6_SIN6_SCOPE_ID failed with the following output:
Change Dir: D:/YimMenu/CMakeFiles/CMakeTmp

Run Build Command(s):C:/Program Files/Microsoft Visual Studio/2022/Community/MSBuild/Current/Bin/amd64/MSBuild.exe cmTC_19f20.vcxproj /p:Configuration=Debug /p:Platform=x64 /p:VisualStudioVersion=17.0 /v:m && MSBuild version 17.4.1+9a89d02ff for .NET Framework
  Microsoft (R) C/C++ Optimizing Compiler Versão 19.34.31937 para x64
  Copyright (C) Microsoft Corporation. Todos os direitos reservados.
  cl /c /Zi /W1 /WX- /diagnostics:column /Od /Ob0 /D _MBCS /D WIN32 /D _WINDOWS /D HAVE_SOCKADDR_IN6_SIN6_SCOPE_ID /D HAVE_WINDOWS_H /D HAVE_WS2TCPIP_H /D HAVE_WINSOCK2_H /D HAVE_WINCRYPT_H /D HAVE_STDIO_H /D HAVE_SYS_STAT_H /D HAVE_SYS_TYPES_H /D HAVE_SYS_UTIME_H /D HAVE_ASSERT_H /D HAVE_ERRNO_H /D HAVE_FCNTL_H /D HAVE_IO_H /D HAVE_LOCALE_H /D HAVE_SETJMP_H /D HAVE_SIGNAL_H /D HAVE_STDBOOL_H /D HAVE_STDLIB_H /D HAVE_STRING_H /D HAVE_TIME_H /D HAVE_PROCESS_H /D HAVE_STDDEF_H /D HAVE_MALLOC_H /D HAVE_MEMORY_H /D "CMAKE_INTDIR=\"Debug\"" /Gm- /RTC1 /MDd /GS /fp:precise /Zc:wchar_t /Zc:forScope /Zc:inline /Fo"cmTC_19f20.dir\Debug\\" /Fd"cmTC_19f20.dir\Debug\vc143.pdb" /external:W1 /Gd /TC /errorReport:queue "D:\YimMenu\_deps\curl-src\CMake\CurlTests.c"
  CurlTests.c
MSVCRTD.lib(exe_main.obj) : error LNK2019: símbolo externo não resolvido, main, referenciado na função "int __cdecl invoke_main(void)" (?invoke_main@@YAHXZ) [D:\YimMenu\CMakeFiles\CMakeTmp\cmTC_19f20.vcxproj]
D:\YimMenu\CMakeFiles\CMakeTmp\Debug\cmTC_19f20.exe : fatal error LNK1120: 1 externo não resolvidos [D:\YimMenu\CMakeFiles\CMakeTmp\cmTC_19f20.vcxproj]


Performing Curl Test HAVE_FILE_OFFSET_BITS failed with the following output:
Change Dir: D:/YimMenu/CMakeFiles/CMakeTmp

Run Build Command(s):C:/Program Files/Microsoft Visual Studio/2022/Community/MSBuild/Current/Bin/amd64/MSBuild.exe cmTC_a5ffa.vcxproj /p:Configuration=Debug /p:Platform=x64 /p:VisualStudioVersion=17.0 /v:m && MSBuild version 17.4.1+9a89d02ff for .NET Framework
  Microsoft (R) C/C++ Optimizing Compiler Versão 19.34.31937 para x64
  Copyright (C) Microsoft Corporation. Todos os direitos reservados.
  cl /c /Zi /W1 /WX- /diagnostics:column /Od /Ob0 /D _MBCS /D WIN32 /D _WINDOWS /D HAVE_FILE_OFFSET_BITS /D HAVE_WINDOWS_H /D HAVE_WS2TCPIP_H /D HAVE_WINSOCK2_H /D HAVE_WINCRYPT_H /D HAVE_STDIO_H /D HAVE_SYS_STAT_H /D HAVE_SYS_TYPES_H /D HAVE_SYS_UTIME_H /D HAVE_ASSERT_H /D HAVE_ERRNO_H /D HAVE_FCNTL_H /D HAVE_IO_H /D HAVE_LOCALE_H /D HAVE_SETJMP_H /D HAVE_SIGNAL_H /D HAVE_STDBOOL_H /D HAVE_STDLIB_H /D HAVE_STRING_H /D HAVE_TIME_H /D HAVE_PROCESS_H /D HAVE_STDDEF_H /D HAVE_MALLOC_H /D HAVE_MEMORY_H /D "CMAKE_INTDIR=\"Debug\"" /Gm- /RTC1 /MDd /GS /fp:precise /Zc:wchar_t /Zc:forScope /Zc:inline /Fo"cmTC_a5ffa.dir\Debug\\" /Fd"cmTC_a5ffa.dir\Debug\vc143.pdb" /external:W1 /Gd /TC /errorReport:queue "D:\YimMenu\_deps\curl-src\CMake\CurlTests.c"
  CurlTests.c
D:\YimMenu\_deps\curl-src\CMake\CurlTests.c(218,23): warning C4293: '<<': contagem de shift negativa ou muito grande, comportamento indefinido [D:\YimMenu\CMakeFiles\CMakeTmp\cmTC_a5ffa.vcxproj]
D:\YimMenu\_deps\curl-src\CMake\CurlTests.c(219,27): warning C4293: '<<': contagem de shift negativa ou muito grande, comportamento indefinido [D:\YimMenu\CMakeFiles\CMakeTmp\cmTC_a5ffa.vcxproj]
D:\YimMenu\_deps\curl-src\CMake\CurlTests.c(220,31): error C2118: subscrito negativo [D:\YimMenu\CMakeFiles\CMakeTmp\cmTC_a5ffa.vcxproj]


Performing Curl Test HAVE_VARIADIC_MACROS_GCC failed with the following output:
Change Dir: D:/YimMenu/CMakeFiles/CMakeTmp

Run Build Command(s):C:/Program Files/Microsoft Visual Studio/2022/Community/MSBuild/Current/Bin/amd64/MSBuild.exe cmTC_3ab5c.vcxproj /p:Configuration=Debug /p:Platform=x64 /p:VisualStudioVersion=17.0 /v:m && MSBuild version 17.4.1+9a89d02ff for .NET Framework
  Microsoft (R) C/C++ Optimizing Compiler Versão 19.34.31937 para x64
  Copyright (C) Microsoft Corporation. Todos os direitos reservados.
  cl /c /Zi /W1 /WX- /diagnostics:column /Od /Ob0 /D _MBCS /D WIN32 /D _WINDOWS /D HAVE_VARIADIC_MACROS_GCC /D HAVE_WINDOWS_H /D HAVE_WS2TCPIP_H /D HAVE_WINSOCK2_H /D HAVE_WINCRYPT_H /D HAVE_STDIO_H /D HAVE_SYS_STAT_H /D HAVE_SYS_TYPES_H /D HAVE_SYS_UTIME_H /D HAVE_ASSERT_H /D HAVE_ERRNO_H /D HAVE_FCNTL_H /D HAVE_IO_H /D HAVE_LOCALE_H /D HAVE_SETJMP_H /D HAVE_SIGNAL_H /D HAVE_STDBOOL_H /D HAVE_STDLIB_H /D HAVE_STRING_H /D HAVE_TIME_H /D HAVE_PROCESS_H /D HAVE_STDDEF_H /D HAVE_MALLOC_H /D HAVE_MEMORY_H /D "CMAKE_INTDIR=\"Debug\"" /Gm- /RTC1 /MDd /GS /fp:precise /Zc:wchar_t /Zc:forScope /Zc:inline /Fo"cmTC_3ab5c.dir\Debug\\" /Fd"cmTC_3ab5c.dir\Debug\vc143.pdb" /external:W1 /Gd /TC /errorReport:queue "D:\YimMenu\_deps\curl-src\CMake\CurlTests.c"
  CurlTests.c
D:\YimMenu\_deps\curl-src\CMake\CurlTests.c(495,1): error C2010: '.': inesperado na lista de parâmetros de macro [D:\YimMenu\CMakeFiles\CMakeTmp\cmTC_3ab5c.vcxproj]
D:\YimMenu\_deps\curl-src\CMake\CurlTests.c(496,1): error C2010: '.': inesperado na lista de parâmetros de macro [D:\YimMenu\CMakeFiles\CMakeTmp\cmTC_3ab5c.vcxproj]


Performing Curl Test HAVE_GLIBC_STRERROR_R failed with the following output:
Change Dir: D:/YimMenu/CMakeFiles/CMakeTmp

Run Build Command(s):C:/Program Files/Microsoft Visual Studio/2022/Community/MSBuild/Current/Bin/amd64/MSBuild.exe cmTC_81fbf.vcxproj /p:Configuration=Debug /p:Platform=x64 /p:VisualStudioVersion=17.0 /v:m && MSBuild version 17.4.1+9a89d02ff for .NET Framework
  Microsoft (R) C/C++ Optimizing Compiler Versão 19.34.31937 para x64
  Copyright (C) Microsoft Corporation. Todos os direitos reservados.
  cl /c /Zi /W1 /WX- /diagnostics:column /Od /Ob0 /D _MBCS /D WIN32 /D _WINDOWS /D HAVE_GLIBC_STRERROR_R /D HAVE_WINDOWS_H /D HAVE_WS2TCPIP_H /D HAVE_WINSOCK2_H /D HAVE_WINCRYPT_H /D HAVE_STDIO_H /D HAVE_SYS_STAT_H /D HAVE_SYS_TYPES_H /D HAVE_SYS_UTIME_H /D HAVE_ASSERT_H /D HAVE_ERRNO_H /D HAVE_FCNTL_H /D HAVE_IO_H /D HAVE_LOCALE_H /D HAVE_SETJMP_H /D HAVE_SIGNAL_H /D HAVE_STDBOOL_H /D HAVE_STDLIB_H /D HAVE_STRING_H /D HAVE_TIME_H /D HAVE_PROCESS_H /D HAVE_STDDEF_H /D HAVE_MALLOC_H /D HAVE_MEMORY_H /D "CMAKE_INTDIR=\"Debug\"" /Gm- /RTC1 /MDd /GS /fp:precise /Zc:wchar_t /Zc:forScope /Zc:inline /Fo"cmTC_81fbf.dir\Debug\\" /Fd"cmTC_81fbf.dir\Debug\vc143.pdb" /external:W1 /Gd /TC /errorReport:queue "D:\YimMenu\_deps\curl-src\CMake\CurlTests.c"
  CurlTests.c
D:\YimMenu\_deps\curl-src\CMake\CurlTests.c(420,53): error C2109: subscrito requer tipo de matriz ou ponteiro [D:\YimMenu\CMakeFiles\CMakeTmp\cmTC_81fbf.vcxproj]
D:\YimMenu\_deps\curl-src\CMake\CurlTests.c(420,3): error C2198: 'check': poucos argumentos para chamada [D:\YimMenu\CMakeFiles\CMakeTmp\cmTC_81fbf.vcxproj]


Performing Curl Test HAVE_POSIX_STRERROR_R failed with the following output:
Change Dir: D:/YimMenu/CMakeFiles/CMakeTmp

Run Build Command(s):C:/Program Files/Microsoft Visual Studio/2022/Community/MSBuild/Current/Bin/amd64/MSBuild.exe cmTC_d5adb.vcxproj /p:Configuration=Debug /p:Platform=x64 /p:VisualStudioVersion=17.0 /v:m && MSBuild version 17.4.1+9a89d02ff for .NET Framework
  Microsoft (R) C/C++ Optimizing Compiler Versão 19.34.31937 para x64
  Copyright (C) Microsoft Corporation. Todos os direitos reservados.
  cl /c /Zi /W1 /WX- /diagnostics:column /Od /Ob0 /D _MBCS /D WIN32 /D _WINDOWS /D HAVE_POSIX_STRERROR_R /D HAVE_WINDOWS_H /D HAVE_WS2TCPIP_H /D HAVE_WINSOCK2_H /D HAVE_WINCRYPT_H /D HAVE_STDIO_H /D HAVE_SYS_STAT_H /D HAVE_SYS_TYPES_H /D HAVE_SYS_UTIME_H /D HAVE_ASSERT_H /D HAVE_ERRNO_H /D HAVE_FCNTL_H /D HAVE_IO_H /D HAVE_LOCALE_H /D HAVE_SETJMP_H /D HAVE_SIGNAL_H /D HAVE_STDBOOL_H /D HAVE_STDLIB_H /D HAVE_STRING_H /D HAVE_TIME_H /D HAVE_PROCESS_H /D HAVE_STDDEF_H /D HAVE_MALLOC_H /D HAVE_MEMORY_H /D "CMAKE_INTDIR=\"Debug\"" /Gm- /RTC1 /MDd /GS /fp:precise /Zc:wchar_t /Zc:forScope /Zc:inline /Fo"cmTC_d5adb.dir\Debug\\" /Fd"cmTC_d5adb.dir\Debug\vc143.pdb" /external:W1 /Gd /TC /errorReport:queue "D:\YimMenu\_deps\curl-src\CMake\CurlTests.c"
  CurlTests.c
CurlTests.obj : error LNK2019: símbolo externo não resolvido, strerror_r, referenciado na função main [D:\YimMenu\CMakeFiles\CMakeTmp\cmTC_d5adb.vcxproj]
D:\YimMenu\CMakeFiles\CMakeTmp\Debug\cmTC_d5adb.exe : fatal error LNK1120: 1 externo não resolvidos [D:\YimMenu\CMakeFiles\CMakeTmp\cmTC_d5adb.vcxproj]


Performing Curl Test HAVE_CLOCK_GETTIME_MONOTONIC failed with the following output:
Change Dir: D:/YimMenu/CMakeFiles/CMakeTmp

Run Build Command(s):C:/Program Files/Microsoft Visual Studio/2022/Community/MSBuild/Current/Bin/amd64/MSBuild.exe cmTC_d1b8e.vcxproj /p:Configuration=Debug /p:Platform=x64 /p:VisualStudioVersion=17.0 /v:m && MSBuild version 17.4.1+9a89d02ff for .NET Framework
  Microsoft (R) C/C++ Optimizing Compiler Versão 19.34.31937 para x64
  Copyright (C) Microsoft Corporation. Todos os direitos reservados.
  cl /c /Zi /W1 /WX- /diagnostics:column /Od /Ob0 /D _MBCS /D WIN32 /D _WINDOWS /D HAVE_CLOCK_GETTIME_MONOTONIC /D HAVE_WINDOWS_H /D HAVE_WS2TCPIP_H /D HAVE_WINSOCK2_H /D HAVE_WINCRYPT_H /D HAVE_STDIO_H /D HAVE_SYS_STAT_H /D HAVE_SYS_TYPES_H /D HAVE_SYS_UTIME_H /D HAVE_ASSERT_H /D HAVE_ERRNO_H /D HAVE_FCNTL_H /D HAVE_IO_H /D HAVE_LOCALE_H /D HAVE_SETJMP_H /D HAVE_SIGNAL_H /D HAVE_STDBOOL_H /D HAVE_STDLIB_H /D HAVE_STRING_H /D HAVE_TIME_H /D HAVE_PROCESS_H /D HAVE_STDDEF_H /D HAVE_MALLOC_H /D HAVE_MEMORY_H /D "CMAKE_INTDIR=\"Debug\"" /Gm- /RTC1 /MDd /GS /fp:precise /Zc:wchar_t /Zc:forScope /Zc:inline /Fo"cmTC_d1b8e.dir\Debug\\" /Fd"cmTC_d1b8e.dir\Debug\vc143.pdb" /external:W1 /Gd /TC /errorReport:queue "D:\YimMenu\_deps\curl-src\CMake\CurlTests.c"
  CurlTests.c
D:\YimMenu\_deps\curl-src\CMake\CurlTests.c(460,32): error C2065: 'CLOCK_MONOTONIC': identificador não declarado [D:\YimMenu\CMakeFiles\CMakeTmp\cmTC_d1b8e.vcxproj]


Performing Curl Test HAVE_BUILTIN_AVAILABLE failed with the following output:
Change Dir: D:/YimMenu/CMakeFiles/CMakeTmp

Run Build Command(s):C:/Program Files/Microsoft Visual Studio/2022/Community/MSBuild/Current/Bin/amd64/MSBuild.exe cmTC_0bce3.vcxproj /p:Configuration=Debug /p:Platform=x64 /p:VisualStudioVersion=17.0 /v:m && MSBuild version 17.4.1+9a89d02ff for .NET Framework
  Microsoft (R) C/C++ Optimizing Compiler Versão 19.34.31937 para x64
  Copyright (C) Microsoft Corporation. Todos os direitos reservados.
  cl /c /Zi /W1 /WX- /diagnostics:column /Od /Ob0 /D _MBCS /D WIN32 /D _WINDOWS /D HAVE_BUILTIN_AVAILABLE /D HAVE_WINDOWS_H /D HAVE_WS2TCPIP_H /D HAVE_WINSOCK2_H /D HAVE_WINCRYPT_H /D HAVE_STDIO_H /D HAVE_SYS_STAT_H /D HAVE_SYS_TYPES_H /D HAVE_SYS_UTIME_H /D HAVE_ASSERT_H /D HAVE_ERRNO_H /D HAVE_FCNTL_H /D HAVE_IO_H /D HAVE_LOCALE_H /D HAVE_SETJMP_H /D HAVE_SIGNAL_H /D HAVE_STDBOOL_H /D HAVE_STDLIB_H /D HAVE_STRING_H /D HAVE_TIME_H /D HAVE_PROCESS_H /D HAVE_STDDEF_H /D HAVE_MALLOC_H /D HAVE_MEMORY_H /D "CMAKE_INTDIR=\"Debug\"" /Gm- /RTC1 /MDd /GS /fp:precise /Zc:wchar_t /Zc:forScope /Zc:inline /Fo"cmTC_0bce3.dir\Debug\\" /Fd"cmTC_0bce3.dir\Debug\vc143.pdb" /external:W1 /Gd /TC /errorReport:queue "D:\YimMenu\_deps\curl-src\CMake\CurlTests.c"
  CurlTests.c
D:\YimMenu\_deps\curl-src\CMake\CurlTests.c(467,32): error C2065: 'macOS': identificador não declarado [D:\YimMenu\CMakeFiles\CMakeTmp\cmTC_0bce3.vcxproj]
D:\YimMenu\_deps\curl-src\CMake\CurlTests.c(467,32): error C2143: erro de sintaxe: ')' ausente antes de 'constante' [D:\YimMenu\CMakeFiles\CMakeTmp\cmTC_0bce3.vcxproj]
D:\YimMenu\_deps\curl-src\CMake\CurlTests.c(467,40): error C2059: erro de sintaxe: ')' [D:\YimMenu\CMakeFiles\CMakeTmp\cmTC_0bce3.vcxproj]
D:\YimMenu\_deps\curl-src\CMake\CurlTests.c(467,41): error C2059: erro de sintaxe: ')' [D:\YimMenu\CMakeFiles\CMakeTmp\cmTC_0bce3.vcxproj]


Performing C SOURCE FILE Test HAVE_MSG_NOSIGNAL failed with the following output:
Change Dir: D:/YimMenu/CMakeFiles/CMakeScratch/TryCompile-yh554b

Run Build Command(s):C:/Program Files/Microsoft Visual Studio/2022/Community/MSBuild/Current/Bin/amd64/MSBuild.exe cmTC_6e98e.vcxproj /p:Configuration=Debug /p:Platform=x64 /p:VisualStudioVersion=17.0 /v:m && MSBuild version 17.4.1+9a89d02ff for .NET Framework
  Microsoft (R) C/C++ Optimizing Compiler Versão 19.34.31937 para x64
  Copyright (C) Microsoft Corporation. Todos os direitos reservados.
  cl /c /I"D:\YimMenu\_deps\curl-src\include" /Zi /W1 /WX- /diagnostics:column /Od /Ob0 /D _MBCS /D WIN32 /D _WINDOWS /D _WIN32_WINNT=0x0600 /D _WINSOCKAPI_= /D SECURITY_WIN32 /D HAVE_MSG_NOSIGNAL /D "CMAKE_INTDIR=\"Debug\"" /Gm- /RTC1 /MDd /GS /fp:precise /Zc:wchar_t /Zc:forScope /Zc:inline /Fo"cmTC_6e98e.dir\Debug\\" /Fd"D:\YimMenu\CMakeFiles\CMakeScratch\TryCompile-yh554b\Debug\cmTC_6e98e.pdb" /external:W1 /Gd /TC /errorReport:queue "D:\YimMenu\CMakeFiles\CMakeScratch\TryCompile-yh554b\src.c"
  src.c
D:\YimMenu\CMakeFiles\CMakeScratch\TryCompile-yh554b\src.c(8,28): error C2065: 'MSG_NOSIGNAL': identificador não declarado [D:\YimMenu\CMakeFiles\CMakeScratch\TryCompile-yh554b\cmTC_6e98e.vcxproj]


Source file was:
#undef inline
#include <winsock2.h>
#include <windows.h>
#ifndef WIN32_LEAN_AND_MEAN
#define WIN32_LEAN_AND_MEAN
#endif
  int main(void) {
    int flag = MSG_NOSIGNAL;
    (void)flag;
    return 0;
  }

Performing C SOURCE FILE Test HAVE_POLL_FINE failed with the following compile output:
Change Dir: D:/YimMenu/CMakeFiles/CMakeScratch/TryCompile-smlvhj

Run Build Command(s):C:/Program Files/Microsoft Visual Studio/2022/Community/MSBuild/Current/Bin/amd64/MSBuild.exe cmTC_b778a.vcxproj /p:Configuration=Debug /p:Platform=x64 /p:VisualStudioVersion=17.0 /v:m && MSBuild version 17.4.1+9a89d02ff for .NET Framework
  Microsoft (R) C/C++ Optimizing Compiler Versão 19.34.31937 para x64
  Copyright (C) Microsoft Corporation. Todos os direitos reservados.
  cl /c /I"D:\YimMenu\_deps\curl-src\include" /Zi /W1 /WX- /diagnostics:column /Od /Ob0 /D _MBCS /D WIN32 /D _WINDOWS /D _WIN32_WINNT=0x0600 /D _WINSOCKAPI_= /D SECURITY_WIN32 /D HAVE_POLL_FINE /D "CMAKE_INTDIR=\"Debug\"" /Gm- /RTC1 /MDd /GS /fp:precise /Zc:wchar_t /Zc:forScope /Zc:inline /Fo"cmTC_b778a.dir\Debug\\" /Fd"cmTC_b778a.dir\Debug\vc143.pdb" /external:W1 /Gd /TC /errorReport:queue "D:\YimMenu\CMakeFiles\CMakeScratch\TryCompile-smlvhj\src.c"
  src.c
D:\YimMenu\CMakeFiles\CMakeScratch\TryCompile-smlvhj\src.c(3,14): fatal  error C1083: Não é possível abrir arquivo incluir: 'sys/time.h': No such file or directory [D:\YimMenu\CMakeFiles\CMakeScratch\TryCompile-smlvhj\cmTC_b778a.vcxproj]


...and run output:

Return value: 1
Source file was:

    #include <stdlib.h>
    #include <sys/time.h>

    #ifdef HAVE_SYS_POLL_H
    #  include <sys/poll.h>
    #elif  HAVE_POLL_H
    #  include <poll.h>
    #endif

    int main(void)
    {
        if(0 != poll(0, 0, 10)) {
          return 1; /* fail */
        }
        else {
          /* detect the 10.12 poll() breakage */
          struct timeval before, after;
          int rc;
          size_t us;

          gettimeofday(&before, NULL);
          rc = poll(NULL, 0, 500);
          gettimeofday(&after, NULL);

          us = (after.tv_sec - before.tv_sec) * 1000000 +
            (after.tv_usec - before.tv_usec);

          if(us < 400000) {
            return 1;
          }
        }
        return 0;
    }

